	$player.origin 		= ( -4127 2814 224 ) (maps/e1l1/scene2.scr, 156)
	$player^
^~^~^ Script Error: Cannot cast 'array' to listener

	$player.viewangles 	= ( 0 25 0 ) (maps/e1l1/scene2.scr, 157)
	$player^
^~^~^ Script Error: Cannot cast 'array' to listener

	$player.angles 		= ( 0 25 0 ) (maps/e1l1/scene2.scr, 158)
	$player^
^~^~^ Script Error: Cannot cast 'array' to listener

**************S_LoadSound: sound/weapons/foley/pistolshellsoft1.wav
^~^~^ LD ERROR: (entnum 53, radnum -1, targetname ''):    reducing maxdist from 2000 to 1242 to be 82.8% of farplane.
^~^~^ Maxdist should be this distance within fog, or AI will be able to see and attack through fog.

^~^~^ LD ERROR: (entnum 199, radnum -1, targetname ''):    reducing maxdist from 2000 to 1242 to be 82.8% of farplane.
^~^~^ Maxdist should be this distance within fog, or AI will be able to see and attack through fog.

^~^~^ LD ERROR: (entnum 546, radnum -1, targetname ''):    reducing maxdist from 2000 to 1242 to be 82.8% of farplane.
^~^~^ Maxdist should be this distance within fog, or AI will be able to see and attack through fog.

^~^~^ LD ERROR: (entnum 623, radnum -1, targetname ''):    reducing maxdist from 2000 to 1242 to be 82.8% of farplane.
^~^~^ Maxdist should be this distance within fog, or AI will be able to see and attack through fog.

^~^~^ LD ERROR: (entnum 53, radnum -1, targetname ''):    reducing maxdist from 2000 to 1242 to be 82.8% of farplane.
^~^~^ Maxdist should be this distance within fog, or AI will be able to see and attack through fog.

**************S_LoadSound: sound/weapons/fire/mauser98fire1.wav
^~^~^ LD ERROR: (entnum 621, radnum -1, targetname ''):    reducing maxdist from 2000 to 1242 to be 82.8% of farplane.
^~^~^ Maxdist should be this distance within fog, or AI will be able to see and attack through fog.

**************S_LoadSound: sound/weapons/foley/pistolshellmed2.wav
^~^~^ Attack medium range default case for unarmed weapon group - fix attack.scr
^~^~^ Attack medium range default case for unarmed weapon group - fix attack.scr
Forward velocity: 0.845
	$scene2OutOfBounds thread detectOutOfBounds (maps/e1l1/scene2.scr, 1146)
	$scene2OutOfBounds ^
^~^~^ Script Error: command 'thread' applied to NULL listener


	$scene2Gate solid (maps/e1l1/scene2.scr, 682)
	$scene2Gate ^
^~^~^ Script Error: command 'solid' applied to NULL listener

	$scene1TracerFire_2 thread global/fakeGunfire.scr::gunStop (maps/e1l1/scene2axis.scr, 377)
	$scene1TracerFire_2 ^
^~^~^ Script Error: command 'thread' applied to NULL listener

	$scene2TruckFire_2	show	 (maps/e1l1/scene2.scr, 1324)
	$scene2TruckFire_2	^
^~^~^ Script Error: command 'show' applied to NULL listener

	$scene2TruckFire_3	show	 (maps/e1l1/scene2.scr, 1326)
	$scene2TruckFire_3	^
^~^~^ Script Error: command 'show' applied to NULL listener

	$scene1TracerFire_2 thread global/fakeGunfire.scr::gunStop (maps/e1l1/scene2axis.scr, 365)
	$scene1TracerFire_2 ^
^~^~^ Script Error: command 'thread' applied to NULL listener

	$scene2TruckFire_1	remove	 (maps/e1l1/scene2.scr, 1331)
	$scene2TruckFire_1	^
^~^~^ Script Error: command 'remove' applied to NULL listener

	$backTrenchGuys_1 thread trenchLogic (maps/e1l1/scene2axis.scr, 398)
	$backTrenchGuys_1 ^
^~^~^ Script Error: command 'thread' applied to NULL listener

	$scene2TruckFire_2	remove	 (maps/e1l1/scene2.scr, 1336)
	$scene2TruckFire_2	^
^~^~^ Script Error: command 'remove' applied to NULL listener

	$scene2TruckFire_3	remove	 (maps/e1l1/scene2.scr, 1338)
	$scene2TruckFire_3	^
^~^~^ Script Error: command 'remove' applied to NULL listener

		$tank2ReachedPlayerTank waittill trigger (maps/e1l1/scene3.scr, 1637)
		$tank2ReachedPlayerTank ^
^~^~^ Script Error: command 'waittill' applied to NULL listener

	$spawn3200 thread endTrenchGuyThink (maps/e1l1/scene3.scr, 1248)
	$spawn3200 ^
^~^~^ Script Error: command 'thread' applied to NULL listener

	$spawn3300 thread endRoadGuyThink (maps/e1l1/scene3.scr, 1251)
	$spawn3300 ^
^~^~^ Script Error: command 'thread' applied to NULL listener

	self.target ^
^~^~^ Script Error: There are 0 entities with targetname 'bunkerapproachorigin'. You are using a command that requires exactly one.^~^~^ Attack medium range default case for unarmed weapon group - fix attack.scr



			if (!level.playerIsInTank && (vector_within $player.origin $playerTank.origin local.throb_text_dist)){ (maps/e1l1/playertank.scr, 53)
			if (!level.playerIsInTank && (vector_within $player^
^~^~^ Script Error: Cannot cast 'array' to listener

			if (!level.playerIsInTank && (vector_within $player.origin $playerTank.origin local.throb_text_dist)){ (maps/e1l1/playertank.scr, 53)
			if (!level.playerIsInTank && (^
^~^~^ Script Error: Cannot cast 'NIL' to vector


		if ($player.useheld){ (maps/e1l1/playertank.scr, 166)
		if ($player^
^~^~^ Script Error: Cannot cast 'array' to listener

			self.gun setAimTarget self.tankTarget (maps/e1l1/thinktank.scr, 816)
			self.gun ^
^~^~^ Script Error: There are 2 entities with targetname 'player'. You are using a command that requires exactly one.

			else if !(vector_within self.tankTarget.centroid local.trace_offset level.sightdistance){		 (maps/e1l1/thinktank.scr, 771)
			else if !(vector_within self.tankTarget^
^~^~^ Script Error: There are 2 entities with targetname 'player'. You are using a command that requires exactly one.

			else if !(vector_within self.tankTarget.centroid local.trace_offset level.sightdistance){		 (maps/e1l1/thinktank.scr, 771)
			else if !(^
^~^~^ Script Error: Cannot cast 'NIL' to vector

		while ($player.vehicle != self){ (maps/e1l1/scene3.scr, 895)
		while ($player^
^~^~^ Script Error: Cannot cast 'array' to listener

		local.angles = $player.angles (global/parade.scr, 297)
		local.angles = $player^
^~^~^ Script Error: Cannot cast 'array' to listener

		if ($player.turret) (global/parade.scr, 298)
		if ($player^
^~^~^ Script Error: Cannot cast 'array' to listener

		else if ($player.vehicle) (global/parade.scr, 302)
		else if ($player^
^~^~^ Script Error: Cannot cast 'array' to listener

			local.distance = vector_length($player.origin-$(local.name)[local.i].origin) (global/parade.scr, 309)
			local.distance = vector_length($player^
^~^~^ Script Error: Cannot cast 'array' to listener

			local.distance = vector_length($player.origin-$(local.name)[local.i].origin) (global/parade.scr, 309)
			local.distance = vector_length($player.origin^
^~^~^ Script Error: binary '-' applied to incompatible types 'NIL' and 'vector'

			local.distance = vector_length($player.origin-$(local.name)[local.i].origin) (global/parade.scr, 309)
			local.distance = ^
^~^~^ Script Error: Cannot cast 'NIL' to vector

			if(local.distance > local.dist) (global/parade.scr, 312)
			if(local.distance ^
^~^~^ Script Error: binary '>' applied to incompatible types 'NIL' and 'int'


			self setactionanim (self.weapongroup + "_aim") -60 60 (anim/motionblend.scr, 177)
			self ^
^~^~^ Script Error: unknown animation 'unarmed_aim' in 'models/human/german_afrika_private_nowrap.tik'

			self setactionanim (self.weapongroup + "_aim") -60 60 (anim/motionblend.scr, 177)
			self ^
^~^~^ Script Error: unknown animation 'unarmed_aim' in 'models/human/german_afrika_private_nowrap.tik'

			local.mythread delete (anim/attack.scr, 239)
			local.mythread ^
^~^~^ Script Error: command 'delete' applied to NULL listener

	self setupperanim (self.weapongroup + "_butt") (anim/attack.scr, 424)
	self ^
^~^~^ Script Error: unknown animation 'unarmed_butt' in 'models/human/german_afrika_private_nowrap.tik'


	self open (maps/e1l1/scene5.scr, 426)
	self ^
^~^~^ Script Error: No entity specified to open door.  Door may open the wrong way.


	if (self.target.targetname != NIL && self.target.targetname != NULL){ (maps/e1l1/scene5.scr, 409)
	if (self.target^
^~^~^ Script Error: There are 0 entities with targetname ''. You are using a command that requires exactly one.
