g_gametype will be changed upon restarting.
------ Server Initialization ------
Server: e1l3
------- S_StopAllSounds (stop music) -------
------- S_StopAllSounds Complete-------
------- S_StopAllSounds (stop music) -------
------- S_StopAllSounds Complete-------
Setting up Shaders
performing W2K gamma clamp.
UI_DrawConnect called
LoadLibrary (maintt/gamex86.dll)
==== InitGame ====
sizeof(Actor) == 3036
Magic sizeof actor number: 2972

------------------
Event system initialized: 184 classes 1539 events 1132704 total memory in response list

==== CleanupGame ====
CM_LoadMap( maps/e1l3.bsp, 0 )
Adding script: 'e1l3_precache.scr'
Channel named helmet bone rot not added. (Bone will not work without it)
Channel named helmet bone pos not added. (Bone will not work without it)
^~^~^ Box data is corrupted for 'models/items/hedge_bomb/hedge_bomb.skd'
^~^~^ Morph targets data is corrupted for 'models/items/hedge_bomb/hedge_bomb.skd'
-------------------- Spawning Entities -----------------------
soundtrack switched to .
mohta Archive Version 1
437352 memory allocated for navigation.
-------------------- Actual Spawning Entities -----------------------
*!*!*!* Objects are not allowed for use in the game. Make it a static model or a script model as needed.
-------------------- Actual Spawning Entities Done ------------------ 71 ms
^~^~^ Game (Event: 'setthread', Object: 'Trigger') : ^~^~^ Could not find label 'ShadowThread' in 'maps/e1l3.scr'
0 teams with 0 entities
Adding script: 'e1l3.scr'
^~^~^ ERROR: noticescale: value must be greater than 0
^~^~^ ERROR: noticescale: value must be greater than 0
^~^~^ ERROR: noticescale: value must be greater than 0
^~^~^ ERROR: noticescale: value must be greater than 0
^~^~^ ERROR: noticescale: value must be greater than 0
^~^~^ ERROR: noticescale: value must be greater than 0
^~^~^ ERROR: noticescale: value must be greater than 0
^~^~^ ERROR: noticescale: value must be greater than 0
^~^~^ ERROR: noticescale: value must be greater than 0
^~^~^ ERROR: noticescale: value must be greater than 0
^~^~^ ERROR: noticescale: value must be greater than 0
^~^~^ weapon '' is not handled in weapon.scr... setting to none!!
WARNING: had to sanitize the name for client 0
^~^~^ Add the following line to the *_precache.scr map script:
cache models/player/american_army.tik
697 entities spawned
1612 simple entities spawned
0 entities inhibited
-------------------- Spawning Entities Done ------------------ 640 ms
^~^~^ Add the following line to the *_precache.scr map script:
cache models/items/binoculars.tik
*!*!*!* 'models/statweapons/p_granatwerfer_d.tik' was spawned as an Object entity at (1661 -2613 129). Should be made into a static model or script model (#1).


-----------PARSING 'ubersound/coop_morocco_ubersound.scr' (SERVER)------------
Any SetCurrentTiki errors means that tiki wasn't prefetched and tiki-specific sounds for it won't work. To fix prefetch the tiki. Ignore if you don't use that tiki on this level.
CG_Command_ProcessFile: ubersound/coop_morocco_ubersound.scr
Parse/Load time: 0.000000 seconds.
-------------PARSING 'ubersound/coop_morocco_ubersound.scr' DONE (SERVER)---------------



-----------PARSING 'ubersound/uberdialog.scr' (SERVER)------------
Any SetCurrentTiki errors means that tiki wasn't prefetched and tiki-specific sounds for it won't work. To fix prefetch the tiki. Ignore if you don't use that tiki on this level.
CG_Command_ProcessFile: ubersound/uberdialog.scr
Parse/Load time: 0.321000 seconds.
-------------PARSING 'ubersound/uberdialog.scr' DONE (SERVER)---------------



-----------PARSING 'ubersound/ubersound.scr' (SERVER)------------
Any SetCurrentTiki errors means that tiki wasn't prefetched and tiki-specific sounds for it won't work. To fix prefetch the tiki. Ignore if you don't use that tiki on this level.
CG_Command_ProcessFile: ubersound/ubersound.scr
Parse/Load time: 0.035000 seconds.
-------------PARSING 'ubersound/ubersound.scr' DONE (SERVER)---------------

------ Server Initialization Complete ------  3.81 seconds
level waittill prespawn (global/ai.scr, 31)
level ^

^~^~^ Script Error: invalid waittill prespawn for 'Level'

Initializing parade script
Initializing parade abort 1
Initializing parade abort 2
REANIMATOR >>> Abort Trigger Active mgcontroller
REANIMATOR >>> Abort Trigger Active wall_attacker_spawnpts
TRIGGER HAD NO THREAD
TRIGGER HAD NO THREAD
TRIGGER HAD NO THREAD
TRIGGER HAD NO THREAD
TRIGGER HAD NO THREAD
TRIGGER HAD NO THREAD
TRIGGER HAD NO THREAD
TRIGGER HAD NO THREAD
TRIGGER HAD NO THREAD
Spawned 9 enemyspawnertriggers
There are 0 friendlyspawners
level waittill prespawn (global/turret.scr, 2)
level ^

^~^~^ Script Error: invalid waittill prespawn for 'Level'

	level waittill prespawn (coop_mod/replace.scr, 25)
	level ^

^~^~^ Script Error: invalid waittill prespawn for 'Level'

There are 0 enemies
	level waittill spawn (global/auto.scr, 56)
	level ^

^~^~^ Script Error: invalid waittill spawn for 'Level'

	level waittill spawn (maps/e1l3/tankride.scr, 20)
	level ^

^~^~^ Script Error: invalid waittill spawn for 'Level'

---------- > Initializing TankRide ... 
TANKRIDE >>> Player offset = (-24.000000, -21.000000, 87.375000)
TANKRIDE >>> Buddy1 offset = (162.000000, 10.000000, -25.625000)
TANKRIDE >>> Buddy2 offset = (-172.000000, 41.000000, 1.500000)
^~^~^ Add the following line to the *_precache.scr map script:
cache models/weapons/enfield.tik
Initializing Briefing.scr ...
^~^~^ Add the following line to the *_precache.scr map script:
cache models/weapons/thompsonsmg.tik
	$boat_guy thread InitGuy $start_wall_battle_trigger (maps/e1l3/briefing.scr, 98)
	$boat_guy ^

^~^~^ Script Error: command 'thread' applied to NULL listener

briefing initialized successfully
boating initialized
	$PrisonDoorOther lock (maps/e1l3/jailbreak.scr, 81)
	$PrisonDoorOther ^

^~^~^ Script Error: command 'lock' applied to NULL listener

jailBreak initialized
Spawned 50 enemyspawners
roofJaunt initialized
SV packet loopback : connect
SVC_DirectConnect ()
>>>\version\2.40\clientType\Breakthrough\challenge\0\qport\64162\protocol\17\name\Chrissstrahl\rate\30000\dm_playermodel\allied_101st_scout\dm_playergermanmodel\german_elite_officer\snaps\20<<<
version 17 connecting to 17
Going from CS_FREE to CS_CONNECTED for Chrissstrahl
CL packet loopback: connectResponse
Chrissstrahl : dropped gamestate, resending
SV_SendClientGameState() for Chrissstrahl
Going from CS_CONNECTED to CS_PRIMED for Chrissstrahl
Current search path:
D:\GAMES\Medal of Honor\Medal of Honor - Allied Assault War Chest - Coop\maintt\zzzzzz_co-op_hzm_mod_mohaa.pk3 (527 files)
D:\GAMES\Medal of Honor\Medal of Honor - Allied Assault War Chest - Coop\maintt\pak4.pk3 (11 files)
D:\GAMES\Medal of Honor\Medal of Honor - Allied Assault War Chest - Coop\maintt\pak3.pk3 (142 files)
D:\GAMES\Medal of Honor\Medal of Honor - Allied Assault War Chest - Coop\maintt\pak2.pk3 (1228 files)
D:\GAMES\Medal of Honor\Medal of Honor - Allied Assault War Chest - Coop\maintt\pak1.pk3 (7888 files)
D:\GAMES\Medal of Honor\Medal of Honor - Allied Assault War Chest - Coop\maintt\mom.pk3 (30 files)
D:\GAMES\Medal of Honor\Medal of Honor - Allied Assault War Chest - Coop/maintt
D:\GAMES\Medal of Honor\Medal of Honor - Allied Assault War Chest - Coop\main\pak7.pk3 (89 files)
D:\GAMES\Medal of Honor\Medal of Honor - Allied Assault War Chest - Coop\main\Pak6EnUk.pk3 (395 files)
D:\GAMES\Medal of Honor\Medal of Honor - Allied Assault War Chest - Coop\main\Pak5.pk3 (259 files)
D:\GAMES\Medal of Honor\Medal of Honor - Allied Assault War Chest - Coop\main\Pak4.pk3 (593 files)
D:\GAMES\Medal of Honor\Medal of Honor - Allied Assault War Chest - Coop\main\Pak3.pk3 (669 files)
D:\GAMES\Medal of Honor\Medal of Honor - Allied Assault War Chest - Coop\main\Pak2.pk3 (4722 files)
D:\GAMES\Medal of Honor\Medal of Honor - Allied Assault War Chest - Coop\main\Pak1.pk3 (396 files)
D:\GAMES\Medal of Honor\Medal of Honor - Allied Assault War Chest - Coop\main\Pak0.pk3 (11174 files)
D:\GAMES\Medal of Honor\Medal of Honor - Allied Assault War Chest - Coop/main

handle 1: qconsole.log
----------------------
56246 files in pk3 files
------- Sound Begin Registration -------
------- S_StopAllSounds (stop music) -------
------- S_StopAllSounds Complete-------
------- Sound Begin Registration Complete -------
LoadLibrary (maintt/cgamex86.dll)

------------------
Event system initialized: 7 classes 144 events 4032 total memory in response list

CM_LoadMap( maps/e1l3.bsp, 1 )


-----------PARSING 'coop_morocco_ubersound.scr'------------
Any SetCurrentTiki errors means that tiki wasn't prefetched and tiki-specific sounds for it won't work. To fix prefetch the tiki. Ignore if you don't use that tiki on this level.
CG_Command_ProcessFile: ubersound/coop_morocco_ubersound.scr
Parse/Load time: 0.001000 seconds.
-------------PARSING 'coop_morocco_ubersound.scr' DONE---------------



-----------PARSING 'uberdialog.scr'------------
Any SetCurrentTiki errors means that tiki wasn't prefetched and tiki-specific sounds for it won't work. To fix prefetch the tiki. Ignore if you don't use that tiki on this level.
CG_Command_ProcessFile: ubersound/uberdialog.scr
Parse/Load time: 0.353000 seconds.
-------------PARSING 'uberdialog.scr' DONE---------------



-----------PARSING 'ubersound.scr'------------
Any SetCurrentTiki errors means that tiki wasn't prefetched and tiki-specific sounds for it won't work. To fix prefetch the tiki. Ignore if you don't use that tiki on this level.
CG_Command_ProcessFile: ubersound/ubersound.scr
Couldn't load sound: sound/items/tank_health_pickup.wav
Parse/Load time: 0.412000 seconds.
-------------PARSING 'ubersound.scr' DONE---------------

stitched 104 LoD cracks
...loaded 19542 faces, 1002 meshes, 0 trisurfs, 0 flares
Using ter_maxtris = 24576
Terrain: 1.88 MB tris, 1.31 MB verts, 0.06 MB in 85 patches, 3.25 MB total
----------- Loading DCL file maps/e1l3.dcl ---------
------ Finished loading DCL file maps/e1l3.dcl -----
WARNING: shader 'Candleholder' has opaque maps defined after stage 0!!!
WARNING: shader 'Candleholder' has depthmask enabled after stage 0!!!
^~^~^ Can't find supashermantred_2.tga
Couldn't find image for shader supashermantred_2
^~^~^ Can't find chassis.tga
Couldn't find image for shader chassis
Loading Special Effects...
^~^~^ Add the following line to the *_precache.scr map script:
cache models/fx/bh_paper_lite.tik
^~^~^ Add the following line to the *_precache.scr map script:
cache models/fx/bh_paper_hard.tik
^~^~^ Add the following line to the *_precache.scr map script:
cache models/fx/bh_wood_lite.tik
^~^~^ Add the following line to the *_precache.scr map script:
cache models/fx/bh_wood_hard.tik
^~^~^ Add the following line to the *_precache.scr map script:
cache models/fx/bh_metal_lite.tik
^~^~^ Add the following line to the *_precache.scr map script:
cache models/fx/bh_metal_hard.tik
^~^~^ Add the following line to the *_precache.scr map script:
cache models/fx/bh_stone_lite.tik
^~^~^ Add the following line to the *_precache.scr map script:
cache models/fx/bh_stone_hard.tik
^~^~^ Add the following line to the *_precache.scr map script:
cache models/fx/bh_dirt_lite.tik
^~^~^ Add the following line to the *_precache.scr map script:
cache models/fx/bh_dirt_hard.tik
^~^~^ Add the following line to the *_precache.scr map script:
cache models/fx/bh_grass_lite.tik
^~^~^ Add the following line to the *_precache.scr map script:
cache models/fx/bh_grass_hard.tik
^~^~^ Add the following line to the *_precache.scr map script:
cache models/fx/bh_mud_lite.tik
^~^~^ Add the following line to the *_precache.scr map script:
cache models/fx/bh_mud_hard.tik
^~^~^ Add the following line to the *_precache.scr map script:
cache models/fx/bh_water_lite.tik
^~^~^ Add the following line to the *_precache.scr map script:
cache models/fx/bh_water_hard.tik
^~^~^ Add the following line to the *_precache.scr map script:
cache models/fx/bh_glass_lite.tik
^~^~^ Add the following line to the *_precache.scr map script:
cache models/fx/bh_glass_hard.tik
^~^~^ Add the following line to the *_precache.scr map script:
cache models/fx/bh_sand_lite.tik
^~^~^ Add the following line to the *_precache.scr map script:
cache models/fx/bh_sand_hard.tik
^~^~^ Add the following line to the *_precache.scr map script:
cache models/fx/bh_foliage_lite.tik
^~^~^ Add the following line to the *_precache.scr map script:
cache models/fx/bh_foliage_hard.tik
^~^~^ Add the following line to the *_precache.scr map script:
cache models/fx/bh_snow_lite.tik
^~^~^ Add the following line to the *_precache.scr map script:
cache models/fx/bh_snow_hard.tik
^~^~^ Add the following line to the *_precache.scr map script:
cache models/fx/bh_carpet_lite.tik
^~^~^ Add the following line to the *_precache.scr map script:
cache models/fx/bh_carpet_hard.tik
^~^~^ Add the following line to the *_precache.scr map script:
cache models/fx/bh_human_uniform_lite.tik
^~^~^ Add the following line to the *_precache.scr map script:
cache models/fx/bh_human_uniform_hard.tik
^~^~^ Add the following line to the *_precache.scr map script:
cache models/fx/water_trail_bubble.tik
^~^~^ Add the following line to the *_precache.scr map script:
cache models/fx/grenexp_base.tik
^~^~^ Add the following line to the *_precache.scr map script:
cache models/fx/bazookaexp_base.tik
^~^~^ Add the following line to the *_precache.scr map script:
cache models/fx/heavyshellexp_base.tik
^~^~^ Add the following line to the *_precache.scr map script:
cache models/fx/tankexp_base.tik
^~^~^ Add the following line to the *_precache.scr map script:
cache models/fx/grenexp_paper.tik
^~^~^ Add the following line to the *_precache.scr map script:
cache models/fx/grenexp_wood.tik
^~^~^ Add the following line to the *_precache.scr map script:
cache models/fx/grenexp_metal.tik
^~^~^ Add the following line to the *_precache.scr map script:
cache models/fx/grenexp_stone.tik
^~^~^ Can't find textures/sprites/dirt_mortarHit.tga
WARNING: R_FindImageFile could not find 'textures/sprites/dirt_mortarHit.tga' in shader 'mortar_dirthit'
^~^~^ Add the following line to the *_precache.scr map script:
cache models/fx/grenexp_dirt.tik
^~^~^ Add the following line to the *_precache.scr map script:
cache models/fx/grenexp_grass.tik
^~^~^ Add the following line to the *_precache.scr map script:
cache models/fx/grenexp_mud.tik
^~^~^ Add the following line to the *_precache.scr map script:
cache models/fx/grenexp_water.tik
^~^~^ Add the following line to the *_precache.scr map script:
cache models/fx/grenexp_gravel.tik
^~^~^ Add the following line to the *_precache.scr map script:
cache models/fx/grenexp_sand.tik
^~^~^ Add the following line to the *_precache.scr map script:
cache models/fx/grenexp_foliage.tik
^~^~^ Add the following line to the *_precache.scr map script:
cache models/fx/grenexp_snow.tik
^~^~^ Add the following line to the *_precache.scr map script:
cache models/fx/grenexp_carpet.tik
^~^~^ Add the following line to the *_precache.scr map script:
cache models/fx/heavyshellexp_dirt.tik
^~^~^ Add the following line to the *_precache.scr map script:
cache models/fx/heavyshellexp_stone.tik
^~^~^ Add the following line to the *_precache.scr map script:
cache models/fx/heavyshellexp_snow.tik
^~^~^ Add the following line to the *_precache.scr map script:
cache models/fx/tankexp_dirt.tik
^~^~^ Add the following line to the *_precache.scr map script:
cache models/fx/tankexp_stone.tik
^~^~^ Add the following line to the *_precache.scr map script:
cache models/fx/tankexp_snow.tik
^~^~^ Add the following line to the *_precache.scr map script:
cache models/fx/bazookaexp_dirt.tik
^~^~^ Add the following line to the *_precache.scr map script:
cache models/fx/bazookaexp_stone.tik
^~^~^ Add the following line to the *_precache.scr map script:
cache models/fx/bazookaexp_snow.tik
^~^~^ Add the following line to the *_precache.scr map script:
cache models/fx/water_ripple_still.tik
^~^~^ Add the following line to the *_precache.scr map script:
cache models/fx/water_ripple_moving.tik
^~^~^ Add the following line to the *_precache.scr map script:
cache models/fx/barrel_oil_leak_big.tik
^~^~^ Add the following line to the *_precache.scr map script:
cache models/fx/barrel_oil_leak_medium.tik
^~^~^ Add the following line to the *_precache.scr map script:
cache models/fx/barrel_oil_leak_small.tik
^~^~^ Add the following line to the *_precache.scr map script:
cache models/fx/barrel_oil_leak_splat.tik
^~^~^ Add the following line to the *_precache.scr map script:
cache models/fx/barrel_water_leak_big.tik
^~^~^ Add the following line to the *_precache.scr map script:
cache models/fx/barrel_water_leak_medium.tik
^~^~^ Add the following line to the *_precache.scr map script:
cache models/fx/barrel_water_leak_small.tik
^~^~^ Add the following line to the *_precache.scr map script:
cache models/fx/barrel_water_leak_splat.tik
^~^~^ Add the following line to the *_precache.scr map script:
cache models/fx/fs_light_dust.tik
^~^~^ Add the following line to the *_precache.scr map script:
cache models/fx/fs_heavy_dust.tik
^~^~^ Add the following line to the *_precache.scr map script:
cache models/fx/fs_dirt.tik
^~^~^ Add the following line to the *_precache.scr map script:
cache models/fx/fs_grass.tik
^~^~^ Add the following line to the *_precache.scr map script:
cache models/fx/fs_mud.tik
^~^~^ Add the following line to the *_precache.scr map script:
cache models/fx/fs_puddle.tik
^~^~^ Add the following line to the *_precache.scr map script:
cache models/fx/fs_sand.tik
^~^~^ Add the following line to the *_precache.scr map script:
cache models/fx/fs_snow.tik
^~^~^ Add the following line to the *_precache.scr map script:
cache models/fx/fx_fence_wood.tik
------- Sound End Registration -------
------- Sound End Registration Complete -------
CL_EndRegistration:  0.00 seconds
CL_InitCGame:  2.79 seconds
Going from CS_PRIMED to CS_ACTIVE for Chrissstrahl
Chrissstrahl has entered the battle
^~^~^ Add the following line to the *_precache.scr map script:
cache models/player/american_army_fps.tik
WARNING: could not find begin for section '0' in lensflares
HaZardModding Coop Mod is waiting for you to spawn.
^~^~^ Add the following line to the *_precache.scr map script:
cache models/weapons/m2frag_grenade_sp.tik
execing coop_mod/cfg/detect.cfg
^~^~^ Add the following line to the *_precache.scr map script:
cache models/player/allied_101st_scout.tik
^~^~^ Add the following line to the *_precache.scr map script:
cache models/weapons/m2frag_grenade.tik
^~^~^ Add the following line to the *_precache.scr map script:
cache models/weapons/m18_smoke_grenade.tik
^~^~^ Add the following line to the *_precache.scr map script:
cache models/weapons/colt45.tik
MUSIC: changing from [ none | none ] to [ normal | normal ]
^~^~^ Add the following line to the *_precache.scr map script:
cache models/player/allied_101st_scout_fps.tik
^~^~^ Game (Event: 'setthread', Object: 'TriggerOnce') : ^~^~^ Could not find label 'coop_playerJustSpawned1' in 'maps/e1l3.scr'
^~^~^ Add the following line to the *_precache.scr map script:
cache models/weapons/uk_w_vickers.tik
origin (-1120.000000, -4688.000000, 80.000000)
origin (-1168.000000, -1632.000000, 352.000000)
origin (-272.000000, -1840.000000, 592.000000)
origin (-976.000000, -2400.000000, 576.000000)
origin (-208.000000, -2400.000000, 592.000000)
origin (64.000000, -2004.000000, 472.000000)
origin (-40.000000, -1088.000000, 192.000000)
origin (752.000000, -2064.000000, 216.000000)
origin (-464.000000, -2688.000000, 192.000000)
soundtrack switched to music/e1l3.mus.
playing music/e1l3.mus
music set to normal with fallback normal
Loading Ambient.scr
Exploding!
	$boat_guy_2 thread doBoatGuy2 (maps/e1l3/briefing.scr, 614)
	$boat_guy_2 ^

^~^~^ Script Error: command 'thread' applied to NULL listener

start trigger = reanimator_trigger
REANIMATOR >>> wall_attacker_spawnpts enabling 2 guys
REANIMATOR >>> Activating wall_attacker
REANIMATOR >>> Activating wall_attacker
REANIMATOR >>> wall_attacker_spawnpts enabling 3 guys
REANIMATOR >>> Activating reanimated_attacker
REANIMATOR >>> Activating reanimated_attacker
REANIMATOR >>> Activating reanimated_attacker
REANIMATOR >>> wall_attacker_spawnpts enabling 1 guys
REANIMATOR >>> Activating wall_mg_attacker
REANIMATOR >>> Ai_control guy has a mg, enabling ...wall_mg42
REANIMATOR >>> wall_attacker_spawnpts enabling 4 guys
REANIMATOR >>> Activating cover_fire_guy
REANIMATOR >>> Activating cover_fire_guy
REANIMATOR >>> Activating cover_fire_guy
REANIMATOR >>> Activating cover_fire_guy
SOUNDTRACK: Loading music/e1l3.mus
**************S_LoadSound: sound/amb/amb_river.wav
**************S_LoadSound: sound/weapons/foley/pickup_01.wav
execing ui/coop_objectives/obj_reset.cfg
execing ui/coop_objectives/obj_1hidden.cfg
execing ui/coop_objectives/obj_2hidden.cfg
execing ui/coop_objectives/obj_3hidden.cfg
execing ui/coop_objectives/obj_4hidden.cfg
execing ui/coop_objectives/obj_5hidden.cfg
execing ui/coop_objectives/obj_6hidden.cfg
execing ui/coop_objectives/obj_7hidden.cfg
execing ui/coop_objectives/obj_8hidden.cfg
execing ui/coop_objectives/obj_bindkey.cfg
REANIMATOR >>> starting to reanimate 
objectives initialized
		while ((level.obj_num_compass_targs[level.obj_curr_num] > 0) && (global/objmgr.scr, 673)
		while ((level.obj_num_compass_targs[level.obj_curr_num] ^

^~^~^ Script Error: binary '>' applied to incompatible types 'NIL' and 'int'

**************S_LoadSound: sound/vehicle/veh_tank_idle1.wav
music set to aux1 with fallback aux1
forced music ext1
MUSIC: changing from [ normal | normal ] to [ aux1 | aux1 ]
**************S_LoadSound: sound/vehicle/veh_tank_run1.wav
AICLEANUP >>> initializing aicleanup
AICLEANUP >>> aicleanup initialized
Exploding!
Exploding!
**************S_LoadSound: sound/weapons/fire/mauser98fire1.wav
^~^~^ Add the following line to the *_precache.scr map script:
cache models/fx/bazookaexplosion_dm.tik
^~^~^ Add the following line to the *_precache.scr map script:
cache models/fx/fx_pocketflash.tik
^~^~^ Add the following line to the *_precache.scr map script:
cache models/projectiles/stukaround.tik
^~^~^ Add the following line to the *_precache.scr map script:
cache models/fx/explosionstukaround.tik
Vertex color specified for shader 'thrownStone3', but vertex colors are not valid for this model
**************S_LoadSound: sound/weapons/fire/mp40fire2.wav
**************S_LoadSound: sound/weapons/fire/mp40fire1.wav
Exploding!
Exploding!
Exploding!
Exploding!
Exploding!
Exploding!
Exploding!
**************S_LoadSound: sound/weapons/foley/mp40reloadnpc1.wav
^~^~^ Not playing sound 'sound/vehicle/veh_tank_off1.wav'
Exploding!
Exploding!
^~^~^ BAD FAILSAFE: 1691.00 -6224.96 102.50, 'buddy1'
(entnum 220, radnum 491) blocked, doing failsafe
(entnum 220, radnum 491) failsafe finished
	local.ent playsound local.soundhit (maps/e1l3/tankride.scr, 541)
	local.ent ^

^~^~^ Script Error: command 'playsound' applied to NULL listener

	local.origin = local.ent.origin (maps/e1l3/tankride.scr, 543)
	local.origin = local.ent^

^~^~^ Script Error: Field 'origin' applied to NULL listener

	local.origin[0] += (30 - randomint 60) (maps/e1l3/tankride.scr, 544)
	local.origin[0] ^

^~^~^ Script Error: binary '+' applied to incompatible types 'NIL' and 'int'

	local.origin[1] += (30 - randomint 60) (maps/e1l3/tankride.scr, 545)
	local.origin[1] ^

^~^~^ Script Error: binary '+' applied to incompatible types 'NIL' and 'int'

	local.emitter.origin = local.origin (maps/e1l3/tankride.scr, 571)
	local.emitter^

^~^~^ Script Error: Cannot cast 'array' to vector

	local.temp.origin = local.origin   (maps/e1l3/tankride.scr, 593)
	local.temp^

^~^~^ Script Error: Cannot cast 'array' to vector

	local.temp.origin = local.origin   (maps/e1l3/tankride.scr, 582)
	local.temp^

^~^~^ Script Error: Cannot cast 'array' to vector

Ambient Artillery Over
Starting Briefing
**************S_LoadSound: sound/vehicle/veh_truck_on.wav
	local.ent playsound local.soundhit (maps/e1l3/tankride.scr, 541)
	local.ent ^

^~^~^ Script Error: command 'playsound' applied to NULL listener

	local.origin = local.ent.origin (maps/e1l3/tankride.scr, 543)
	local.origin = local.ent^

^~^~^ Script Error: Field 'origin' applied to NULL listener

	local.origin[0] += (30 - randomint 60) (maps/e1l3/tankride.scr, 544)
	local.origin[0] ^

^~^~^ Script Error: binary '+' applied to incompatible types 'NIL' and 'int'

	local.origin[1] += (30 - randomint 60) (maps/e1l3/tankride.scr, 545)
	local.origin[1] ^

^~^~^ Script Error: binary '+' applied to incompatible types 'NIL' and 'int'

	local.emitter.origin = local.origin (maps/e1l3/tankride.scr, 571)
	local.emitter^

^~^~^ Script Error: Cannot cast 'array' to vector

	local.temp.origin = local.origin   (maps/e1l3/tankride.scr, 593)
	local.temp^

^~^~^ Script Error: Cannot cast 'array' to vector

	local.temp.origin = local.origin   (maps/e1l3/tankride.scr, 582)
	local.temp^

^~^~^ Script Error: Cannot cast 'array' to vector

^~^~^ Bad model name 'NIL'
**************S_LoadSound: sound/weapons/foley/rifleshellhard1.wav
^~^~^ Add the following line to the *_precache.scr map script:
cache models/equipment/usgear/helmet_ranger_private.tik
reanimator.scr -> Spawning guy at 1 : NIL
REANIMATOR >>> Cloning wall_attacker
	local.ent.origin				= local.origin (global/reanimator.scr, 460)
	local.ent^

^~^~^ Script Error: Cannot cast 'NIL' to vector

REANIMATOR >>> dude mg = NIL
^~^~^ Path not found in 'Actor::MoveToPatrolCurrentNode' for (entnum 5, radnum 182, targetname 'wall_attacker') from (0.000000 0.000000 0.125000) to (-76.857147 -2713.153809 128.125000)
Reason: couldn't find start node
^~^~^ Bad model name 'NIL'
reanimator.scr -> Spawning guy at 1 : NIL
REANIMATOR >>> Cloning cover_fire_guy
	local.ent.origin				= local.origin (global/reanimator.scr, 460)
	local.ent^

^~^~^ Script Error: Cannot cast 'NIL' to vector

REANIMATOR >>> dude mg = NIL
^~^~^ Path not found in 'Actor::MoveToPatrolCurrentNode' for (entnum 9, radnum 516, targetname 'cover_fire_guy') from (0.000000 0.000000 0.125000) to (1689.208496 -4464.729004 128.125000)
Reason: couldn't find start node
^~^~^ Attack medium range default case for unarmed weapon group - fix attack.scr
^~^~^ Add the following line to the *_precache.scr map script:
cache models/gear/german_dakcap.tik
No active weapon in slot #: "0"
^~^~^ Path not found in 'Actor::MoveToPatrolCurrentNode' for (entnum 5, radnum 182, targetname 'wall_attacker') from (-4.235556 -10.235737 0.125000) to (-76.857147 -2713.153809 128.125000)
Reason: couldn't find start node
No active weapon in slot #: "0"
^~^~^ Bad model name 'NIL'
^~^~^ Path not found in 'Actor::MoveToPatrolCurrentNode' for (entnum 9, radnum 516, targetname 'cover_fire_guy') from (-4.235556 -10.235737 0.125000) to (1689.208496 -4464.729004 128.125000)
Reason: couldn't find start node
reanimator.scr -> Spawning guy at 1 : NIL
REANIMATOR >>> Cloning cover_fire_guy
	local.ent.origin				= local.origin (global/reanimator.scr, 460)
	local.ent^

^~^~^ Script Error: Cannot cast 'NIL' to vector

REANIMATOR >>> dude mg = NIL
^~^~^ Path not found in 'Actor::MoveToPatrolCurrentNode' for (entnum 6, radnum 515, targetname 'cover_fire_guy') from (0.000000 0.000000 0.125000) to (937.707703 -5125.723633 128.125000)
Reason: couldn't find start node
reanimator.scr -> Spawning guy at script_origin : (1451.000000, -2060.000000, 175.000000)
REANIMATOR >>> Cloning reanimated_attacker
REANIMATOR >>> dude mg = NIL
^~^~^ Path not found in 'Actor::MoveToPatrolCurrentNode' for (entnum 5, radnum 182, targetname 'wall_attacker') from (-4.318191 -4.281765 0.125000) to (-76.857147 -2713.153809 128.125000)
Reason: couldn't find start node
^~^~^ Bad model name 'NIL'
^~^~^ Attack medium range default case for unarmed weapon group - fix attack.scr
^~^~^ Path not found in 'Actor::MoveToPatrolCurrentNode' for (entnum 9, radnum 516, targetname 'cover_fire_guy') from (-4.318191 -4.281765 0.125000) to (1689.208496 -4464.729004 128.125000)
Reason: couldn't find start node
**************S_LoadSound: sound/weapons/explo/explo_stonemed1.wav
^~^~^ Path not found in 'Actor::MoveToPatrolCurrentNode' for (entnum 6, radnum 515, targetname 'cover_fire_guy') from (-4.235556 -10.235737 0.125000) to (937.707703 -5125.723633 128.125000)
Reason: couldn't find start node
	$buddy2 notsolid (maps/e1l3/tankride.scr, 277)
	$buddy2 ^

^~^~^ Script Error: command 'notsolid' applied to NULL listener

^~^~^ Bad model name 'NIL'
**************S_LoadSound: sound/mechanics/obj_breakstonesml_01.wav
**************S_LoadSound: sound/mechanics/obj_breakstonesml_04.wav
**************S_LoadSound: sound/mechanics/obj_breakstonesml_02.wav
reanimator.scr -> Spawning guy at 1 : NIL
REANIMATOR >>> Cloning cover_fire_guy
	local.ent.origin				= local.origin (global/reanimator.scr, 460)
	local.ent^

^~^~^ Script Error: Cannot cast 'NIL' to vector

REANIMATOR >>> dude mg = NIL
^~^~^ Path not found in 'Actor::MoveToPatrolCurrentNode' for (entnum 158, radnum 514, targetname 'cover_fire_guy') from (0.000000 0.000000 0.125000) to (1380.651855 -4957.762207 128.125000)
Reason: couldn't find start node
	$buddy1.enableEnemy = 1 (maps/e1l3/briefing.scr, 268)
	$buddy1^

^~^~^ Script Error: Field 'enableEnemy' applied to NULL listener

	$buddy2.enableEnemy = 1 (maps/e1l3/briefing.scr, 269)
	$buddy2^

^~^~^ Script Error: Field 'enableEnemy' applied to NULL listener

Objective transition = gotBriefing
An objective has been added!
	$buddy1 thread DieBuddy (maps/e1l3/briefing.scr, 281)
	$buddy1 ^

^~^~^ Script Error: command 'thread' applied to NULL listener

	$buddy1 thread DieBuddy (maps/e1l3/briefing.scr, 282)
	$buddy1 ^

^~^~^ Script Error: command 'thread' applied to NULL listener

^~^~^ Add the following line to the *_precache.scr map script:
cache models/items/af_p_lantern.tik
^~^~^ weapon '' is not handled in weapon.scr... setting to none!!
^~^~^ weapon '' is not handled in weapon.scr... setting to none!!
execing ui/coop_objectives/obj_1active
execing ui/coop_objectives/obj_2active
^~^~^ Bad model name 'NIL'
Couldn't find animation 'DFRUS_E1L3_PF2501' in 'models/human/sc_al_us_infmask.tik' - trying sound alias instead.
^~^~^ Callback of sound 'DFRUS_E1L3_PF2501' ignored.
**************S_LoadSound: sound/mechanics/obj_breakstonesml_03.wav
^~^~^ Path not found in 'Actor::MoveToPatrolCurrentNode' for (entnum 6, radnum 515, targetname 'cover_fire_guy') from (-4.318191 -4.281765 0.125000) to (937.707703 -5125.723633 128.125000)
Reason: couldn't find start node
	$buddy2 solid (maps/e1l3/tankride.scr, 280)
	$buddy2 ^

^~^~^ Script Error: command 'solid' applied to NULL listener

^~^~^ Add the following line to the *_precache.scr map script:
cache models/fx/fx_tank_explosion.tik
^~^~^ Add the following line to the *_precache.scr map script:
cache models/emitters/tehao_explosionwall.tik
^~^~^ Not playing sound 'sound/weapons/explo/explo_grenade1.wav'
^~^~^ Add the following line to the *_precache.scr map script:
cache models/vehicles/shermantank_damaged.tik
^~^~^ Not playing sound 'sound/weapons/explo/explo_grenade1.wav'
^~^~^ Path not found in 'Actor::MoveToPatrolCurrentNode' for (entnum 158, radnum 514, targetname 'cover_fire_guy') from (-4.235556 -10.235737 0.125000) to (1380.651855 -4957.762207 128.125000)
Reason: couldn't find start node
^~^~^ Bad model name 'NIL'
^~^~^ Attack medium range default case for unarmed weapon group - fix attack.scr
reanimator.scr -> Spawning guy at 1 : NIL
REANIMATOR >>> Cloning cover_fire_guy
	local.ent.origin				= local.origin (global/reanimator.scr, 460)
	local.ent^

^~^~^ Script Error: Cannot cast 'NIL' to vector

REANIMATOR >>> dude mg = NIL
^~^~^ Path not found in 'Actor::MoveToPatrolCurrentNode' for (entnum 47, radnum 508, targetname 'cover_fire_guy') from (0.000000 0.000000 0.125000) to (1106.190918 -5291.203613 128.125000)
Reason: couldn't find start node
^~^~^ Bad model name 'NIL'
^~^~^ Path not found in 'Actor::MoveToPatrolCurrentNode' for (entnum 158, radnum 514, targetname 'cover_fire_guy') from (-4.318191 -4.281765 0.125000) to (1380.651855 -4957.762207 128.125000)
Reason: couldn't find start node
^~^~^ Bad model name 'NIL'
^~^~^ Path not found in 'Actor::MoveToPatrolCurrentNode' for (entnum 47, radnum 508, targetname 'cover_fire_guy') from (-4.235556 -10.235737 0.125000) to (1106.190918 -5291.203613 128.125000)
Reason: couldn't find start node
^~^~^ Not playing sound 'sound/weapons/impact/wpn_impstone22.wav'
^~^~^ Bad model name 'NIL'
^~^~^ Path not found in 'Actor::MoveToPatrolCurrentNode' for (entnum 359, radnum 154, targetname 'Boat2Gunner') from (-1270.979004 -4892.146484 8.125000) to (-1229.000000 -4874.000000 8.000000)
Reason: couldn't find end node
Possible infinite loop in leg state 'LAND'
Possible infinite loop in leg state 'STAND'
Possible infinite loop in leg state 'FALL'
Possible infinite loop in leg state 'LAND'
Possible infinite loop in leg state 'STAND'
Possible infinite loop in leg state 'FALL'
Possible infinite loop in leg state 'LAND'
Possible infinite loop in leg state 'STAND'
Possible infinite loop in leg state 'FALL'
Possible infinite loop in leg state 'LAND'
Possible infinite loop in leg state 'STAND'
********************
ERROR: Stopping due to possible infinite leg state loop

********************
----- Server Shutdown -----
==== ShutdownGame ====
---------------------------
------- S_StopAllSounds (stop music) -------
MUSIC: changing from [ aux1 | aux1 ] to [ none | none ]
------- S_StopAllSounds Complete-------
------- S_StopAllSounds (stop music) -------
------- S_StopAllSounds Complete-------
------- S_StopAllSounds (stop music) -------
------- S_StopAllSounds Complete-------
------- S_StopAllSounds (stop music) -------
------- S_StopAllSounds Complete-------
------- S_StopAllSounds (stop music) -------
------- S_StopAllSounds Complete-------
Setting up Shaders
------- S_StopAllSounds (stop music) -------
------- S_StopAllSounds Complete-------
^~^~^ Can't find 0.tga
Couldn't find image for shader 0
----- CL_Shutdown -----
------- S_StopAllSounds (stop music) -------
------- S_StopAllSounds Complete-------
------- S_StopAllSounds (stop music) -------
------- S_StopAllSounds Complete-------
------- Sound Shutdown (full) -------
------- S_MILES_StopAllSounds -------
------- S_MILES_StopMP3 -------
------- Q_AIL_shutdown -------
------- S_MILES_FreeDLL -------
------- S_MILES_FreeDLL Finished! -------
------- Sound Shutdown Complete -------
RE_Shutdown( 1 )
Shutting down OpenGL subsystem
...wglMakeCurrent( NULL, NULL ): success
...deleting GL context: success
...releasing DC: success
...hiding window
...destroying window
...window successfully destroyed
...resetting display
...shutting down QGL
...unloading OpenGL DLL
-----------------------
writing to: D:\GAMES\Medal of Honor\Medal of Honor - Allied Assault War Chest - Coop\maintt\global\missing_localization.txt


I was fireing on a boat guy, maybe this did cause it
