g_gametype will be changed upon restarting.
------ Server Initialization ------
Server: e1l3
------- S_StopAllSounds (stop music) -------
------- S_StopAllSounds Complete-------
------- S_StopAllSounds (stop music) -------
------- S_StopAllSounds Complete-------
Setting up Shaders
performing W2K gamma clamp.
UI_DrawConnect called
LoadLibrary (maintt/gamex86.dll)
==== InitGame ====
sizeof(Actor) == 3036
Magic sizeof actor number: 2972

------------------
Event system initialized: 184 classes 1539 events 1132704 total memory in response list

==== CleanupGame ====
CM_LoadMap( maps/e1l3.bsp, 0 )
Adding script: 'e1l3_precache.scr'
Channel named helmet bone rot not added. (Bone will not work without it)
Channel named helmet bone pos not added. (Bone will not work without it)
^~^~^ Box data is corrupted for 'models/items/hedge_bomb/hedge_bomb.skd'
^~^~^ Morph targets data is corrupted for 'models/items/hedge_bomb/hedge_bomb.skd'
-------------------- Spawning Entities -----------------------
soundtrack switched to .
mohta Archive Version 1
437352 memory allocated for navigation.
-------------------- Actual Spawning Entities -----------------------
*!*!*!* Objects are not allowed for use in the game. Make it a static model or a script model as needed.
-------------------- Actual Spawning Entities Done ------------------ 72 ms
^~^~^ Game (Event: 'setthread', Object: 'Trigger') : ^~^~^ Could not find label 'ShadowThread' in 'maps/e1l3.scr'
0 teams with 0 entities
Adding script: 'e1l3.scr'
^~^~^ ERROR: noticescale: value must be greater than 0
^~^~^ ERROR: noticescale: value must be greater than 0
^~^~^ ERROR: noticescale: value must be greater than 0
^~^~^ ERROR: noticescale: value must be greater than 0
^~^~^ ERROR: noticescale: value must be greater than 0
^~^~^ ERROR: noticescale: value must be greater than 0
^~^~^ ERROR: noticescale: value must be greater than 0
^~^~^ ERROR: noticescale: value must be greater than 0
^~^~^ ERROR: noticescale: value must be greater than 0
^~^~^ ERROR: noticescale: value must be greater than 0
^~^~^ ERROR: noticescale: value must be greater than 0
^~^~^ weapon '' is not handled in weapon.scr... setting to none!!
WARNING: had to sanitize the name for client 0
^~^~^ Add the following line to the *_precache.scr map script:
cache models/player/american_army.tik
697 entities spawned
1612 simple entities spawned
0 entities inhibited
-------------------- Spawning Entities Done ------------------ 592 ms
^~^~^ Add the following line to the *_precache.scr map script:
cache models/items/binoculars.tik
*!*!*!* 'models/statweapons/p_granatwerfer_d.tik' was spawned as an Object entity at (1661 -2613 129). Should be made into a static model or script model (#1).


-----------PARSING 'ubersound/coop_morocco_ubersound.scr' (SERVER)------------
Any SetCurrentTiki errors means that tiki wasn't prefetched and tiki-specific sounds for it won't work. To fix prefetch the tiki. Ignore if you don't use that tiki on this level.
CG_Command_ProcessFile: ubersound/coop_morocco_ubersound.scr
Parse/Load time: 0.000000 seconds.
-------------PARSING 'ubersound/coop_morocco_ubersound.scr' DONE (SERVER)---------------



-----------PARSING 'ubersound/uberdialog.scr' (SERVER)------------
Any SetCurrentTiki errors means that tiki wasn't prefetched and tiki-specific sounds for it won't work. To fix prefetch the tiki. Ignore if you don't use that tiki on this level.
CG_Command_ProcessFile: ubersound/uberdialog.scr
Parse/Load time: 0.292000 seconds.
-------------PARSING 'ubersound/uberdialog.scr' DONE (SERVER)---------------



-----------PARSING 'ubersound/ubersound.scr' (SERVER)------------
Any SetCurrentTiki errors means that tiki wasn't prefetched and tiki-specific sounds for it won't work. To fix prefetch the tiki. Ignore if you don't use that tiki on this level.
CG_Command_ProcessFile: ubersound/ubersound.scr
Parse/Load time: 0.032000 seconds.
-------------PARSING 'ubersound/ubersound.scr' DONE (SERVER)---------------

------ Server Initialization Complete ------  3.32 seconds
level waittill prespawn (global/ai.scr, 31)
level ^

^~^~^ Script Error: invalid waittill prespawn for 'Level'

Initializing parade script
Initializing parade abort 1
Initializing parade abort 2
REANIMATOR >>> Abort Trigger Active mgcontroller
REANIMATOR >>> Abort Trigger Active wall_attacker_spawnpts
TRIGGER HAD NO THREAD
TRIGGER HAD NO THREAD
TRIGGER HAD NO THREAD
TRIGGER HAD NO THREAD
TRIGGER HAD NO THREAD
TRIGGER HAD NO THREAD
TRIGGER HAD NO THREAD
TRIGGER HAD NO THREAD
TRIGGER HAD NO THREAD
Spawned 9 enemyspawnertriggers
There are 0 friendlyspawners
level waittill prespawn (global/turret.scr, 2)
level ^

^~^~^ Script Error: invalid waittill prespawn for 'Level'

	level waittill prespawn (coop_mod/replace.scr, 25)
	level ^

^~^~^ Script Error: invalid waittill prespawn for 'Level'

There are 0 enemies
	level waittill spawn (global/auto.scr, 56)
	level ^

^~^~^ Script Error: invalid waittill spawn for 'Level'

	level waittill spawn (maps/e1l3/tankride.scr, 20)
	level ^

^~^~^ Script Error: invalid waittill spawn for 'Level'

---------- > Initializing TankRide ... 
TANKRIDE >>> Player offset = (-24.000000, -21.000000, 87.375000)
TANKRIDE >>> Buddy1 offset = (162.000000, 10.000000, -25.625000)
TANKRIDE >>> Buddy2 offset = (-172.000000, 41.000000, 1.500000)
^~^~^ Add the following line to the *_precache.scr map script:
cache models/weapons/enfield.tik
Initializing Briefing.scr ...
^~^~^ Add the following line to the *_precache.scr map script:
cache models/weapons/thompsonsmg.tik
	$boat_guy thread InitGuy $start_wall_battle_trigger (maps/e1l3/briefing.scr, 98)
	$boat_guy ^

^~^~^ Script Error: command 'thread' applied to NULL listener

briefing initialized successfully
boating initialized
	$PrisonDoorOther lock (maps/e1l3/jailbreak.scr, 81)
	$PrisonDoorOther ^

^~^~^ Script Error: command 'lock' applied to NULL listener

jailBreak initialized
Spawned 50 enemyspawners
roofJaunt initialized
SV packet loopback : connect
SVC_DirectConnect ()
>>>\version\2.40\clientType\Breakthrough\challenge\0\qport\36361\protocol\17\dm_playergermanmodel\german_elite_officer\dm_playermodel\allied_101st_scout\rate\30000\name\Chrissstrahl\snaps\20<<<
version 17 connecting to 17
Going from CS_FREE to CS_CONNECTED for Chrissstrahl
CL packet loopback: connectResponse
Chrissstrahl : dropped gamestate, resending
SV_SendClientGameState() for Chrissstrahl
Going from CS_CONNECTED to CS_PRIMED for Chrissstrahl
Current search path:
D:\GAMES\Medal of Honor\Medal of Honor - Allied Assault War Chest - Coop\maintt\zzzzzz_co-op_hzm_mod_mohaa.pk3 (527 files)
D:\GAMES\Medal of Honor\Medal of Honor - Allied Assault War Chest - Coop\maintt\pak4.pk3 (11 files)
D:\GAMES\Medal of Honor\Medal of Honor - Allied Assault War Chest - Coop\maintt\pak3.pk3 (142 files)
D:\GAMES\Medal of Honor\Medal of Honor - Allied Assault War Chest - Coop\maintt\pak2.pk3 (1228 files)
D:\GAMES\Medal of Honor\Medal of Honor - Allied Assault War Chest - Coop\maintt\pak1.pk3 (7888 files)
D:\GAMES\Medal of Honor\Medal of Honor - Allied Assault War Chest - Coop\maintt\mom.pk3 (30 files)
D:\GAMES\Medal of Honor\Medal of Honor - Allied Assault War Chest - Coop/maintt
D:\GAMES\Medal of Honor\Medal of Honor - Allied Assault War Chest - Coop\main\pak7.pk3 (89 files)
D:\GAMES\Medal of Honor\Medal of Honor - Allied Assault War Chest - Coop\main\Pak6EnUk.pk3 (395 files)
D:\GAMES\Medal of Honor\Medal of Honor - Allied Assault War Chest - Coop\main\Pak5.pk3 (259 files)
D:\GAMES\Medal of Honor\Medal of Honor - Allied Assault War Chest - Coop\main\Pak4.pk3 (593 files)
D:\GAMES\Medal of Honor\Medal of Honor - Allied Assault War Chest - Coop\main\Pak3.pk3 (669 files)
D:\GAMES\Medal of Honor\Medal of Honor - Allied Assault War Chest - Coop\main\Pak2.pk3 (4722 files)
D:\GAMES\Medal of Honor\Medal of Honor - Allied Assault War Chest - Coop\main\Pak1.pk3 (396 files)
D:\GAMES\Medal of Honor\Medal of Honor - Allied Assault War Chest - Coop\main\Pak0.pk3 (11174 files)
D:\GAMES\Medal of Honor\Medal of Honor - Allied Assault War Chest - Coop/main

handle 1: qconsole.log
----------------------
56246 files in pk3 files
------- Sound Begin Registration -------
------- S_StopAllSounds (stop music) -------
------- S_StopAllSounds Complete-------
------- Sound Begin Registration Complete -------
LoadLibrary (maintt/cgamex86.dll)

------------------
Event system initialized: 7 classes 144 events 4032 total memory in response list

CM_LoadMap( maps/e1l3.bsp, 1 )


-----------PARSING 'coop_morocco_ubersound.scr'------------
Any SetCurrentTiki errors means that tiki wasn't prefetched and tiki-specific sounds for it won't work. To fix prefetch the tiki. Ignore if you don't use that tiki on this level.
CG_Command_ProcessFile: ubersound/coop_morocco_ubersound.scr
Parse/Load time: 0.001000 seconds.
-------------PARSING 'coop_morocco_ubersound.scr' DONE---------------



-----------PARSING 'uberdialog.scr'------------
Any SetCurrentTiki errors means that tiki wasn't prefetched and tiki-specific sounds for it won't work. To fix prefetch the tiki. Ignore if you don't use that tiki on this level.
CG_Command_ProcessFile: ubersound/uberdialog.scr
Parse/Load time: 0.352000 seconds.
-------------PARSING 'uberdialog.scr' DONE---------------



-----------PARSING 'ubersound.scr'------------
Any SetCurrentTiki errors means that tiki wasn't prefetched and tiki-specific sounds for it won't work. To fix prefetch the tiki. Ignore if you don't use that tiki on this level.
CG_Command_ProcessFile: ubersound/ubersound.scr
Couldn't load sound: sound/items/tank_health_pickup.wav
Parse/Load time: 0.194000 seconds.
-------------PARSING 'ubersound.scr' DONE---------------

stitched 104 LoD cracks
...loaded 19542 faces, 1002 meshes, 0 trisurfs, 0 flares
Using ter_maxtris = 24576
Terrain: 1.88 MB tris, 1.31 MB verts, 0.06 MB in 85 patches, 3.25 MB total
----------- Loading DCL file maps/e1l3.dcl ---------
------ Finished loading DCL file maps/e1l3.dcl -----
WARNING: shader 'Candleholder' has opaque maps defined after stage 0!!!
WARNING: shader 'Candleholder' has depthmask enabled after stage 0!!!
^~^~^ Can't find supashermantred_2.tga
Couldn't find image for shader supashermantred_2
^~^~^ Can't find chassis.tga
Couldn't find image for shader chassis
Loading Special Effects...
^~^~^ Add the following line to the *_precache.scr map script:
cache models/fx/bh_paper_lite.tik
^~^~^ Add the following line to the *_precache.scr map script:
cache models/fx/bh_paper_hard.tik
^~^~^ Add the following line to the *_precache.scr map script:
cache models/fx/bh_wood_lite.tik
^~^~^ Add the following line to the *_precache.scr map script:
cache models/fx/bh_wood_hard.tik
^~^~^ Add the following line to the *_precache.scr map script:
cache models/fx/bh_metal_lite.tik
^~^~^ Add the following line to the *_precache.scr map script:
cache models/fx/bh_metal_hard.tik
^~^~^ Add the following line to the *_precache.scr map script:
cache models/fx/bh_stone_lite.tik
^~^~^ Add the following line to the *_precache.scr map script:
cache models/fx/bh_stone_hard.tik
^~^~^ Add the following line to the *_precache.scr map script:
cache models/fx/bh_dirt_lite.tik
^~^~^ Add the following line to the *_precache.scr map script:
cache models/fx/bh_dirt_hard.tik
^~^~^ Add the following line to the *_precache.scr map script:
cache models/fx/bh_grass_lite.tik
^~^~^ Add the following line to the *_precache.scr map script:
cache models/fx/bh_grass_hard.tik
^~^~^ Add the following line to the *_precache.scr map script:
cache models/fx/bh_mud_lite.tik
^~^~^ Add the following line to the *_precache.scr map script:
cache models/fx/bh_mud_hard.tik
^~^~^ Add the following line to the *_precache.scr map script:
cache models/fx/bh_water_lite.tik
^~^~^ Add the following line to the *_precache.scr map script:
cache models/fx/bh_water_hard.tik
^~^~^ Add the following line to the *_precache.scr map script:
cache models/fx/bh_glass_lite.tik
^~^~^ Add the following line to the *_precache.scr map script:
cache models/fx/bh_glass_hard.tik
^~^~^ Add the following line to the *_precache.scr map script:
cache models/fx/bh_sand_lite.tik
^~^~^ Add the following line to the *_precache.scr map script:
cache models/fx/bh_sand_hard.tik
^~^~^ Add the following line to the *_precache.scr map script:
cache models/fx/bh_foliage_lite.tik
^~^~^ Add the following line to the *_precache.scr map script:
cache models/fx/bh_foliage_hard.tik
^~^~^ Add the following line to the *_precache.scr map script:
cache models/fx/bh_snow_lite.tik
^~^~^ Add the following line to the *_precache.scr map script:
cache models/fx/bh_snow_hard.tik
^~^~^ Add the following line to the *_precache.scr map script:
cache models/fx/bh_carpet_lite.tik
^~^~^ Add the following line to the *_precache.scr map script:
cache models/fx/bh_carpet_hard.tik
^~^~^ Add the following line to the *_precache.scr map script:
cache models/fx/bh_human_uniform_lite.tik
^~^~^ Add the following line to the *_precache.scr map script:
cache models/fx/bh_human_uniform_hard.tik
^~^~^ Add the following line to the *_precache.scr map script:
cache models/fx/water_trail_bubble.tik
^~^~^ Add the following line to the *_precache.scr map script:
cache models/fx/grenexp_base.tik
^~^~^ Add the following line to the *_precache.scr map script:
cache models/fx/bazookaexp_base.tik
^~^~^ Add the following line to the *_precache.scr map script:
cache models/fx/heavyshellexp_base.tik
^~^~^ Add the following line to the *_precache.scr map script:
cache models/fx/tankexp_base.tik
^~^~^ Add the following line to the *_precache.scr map script:
cache models/fx/grenexp_paper.tik
^~^~^ Add the following line to the *_precache.scr map script:
cache models/fx/grenexp_wood.tik
^~^~^ Add the following line to the *_precache.scr map script:
cache models/fx/grenexp_metal.tik
^~^~^ Add the following line to the *_precache.scr map script:
cache models/fx/grenexp_stone.tik
^~^~^ Can't find textures/sprites/dirt_mortarHit.tga
WARNING: R_FindImageFile could not find 'textures/sprites/dirt_mortarHit.tga' in shader 'mortar_dirthit'
^~^~^ Add the following line to the *_precache.scr map script:
cache models/fx/grenexp_dirt.tik
^~^~^ Add the following line to the *_precache.scr map script:
cache models/fx/grenexp_grass.tik
^~^~^ Add the following line to the *_precache.scr map script:
cache models/fx/grenexp_mud.tik
^~^~^ Add the following line to the *_precache.scr map script:
cache models/fx/grenexp_water.tik
^~^~^ Add the following line to the *_precache.scr map script:
cache models/fx/grenexp_gravel.tik
^~^~^ Add the following line to the *_precache.scr map script:
cache models/fx/grenexp_sand.tik
^~^~^ Add the following line to the *_precache.scr map script:
cache models/fx/grenexp_foliage.tik
^~^~^ Add the following line to the *_precache.scr map script:
cache models/fx/grenexp_snow.tik
^~^~^ Add the following line to the *_precache.scr map script:
cache models/fx/grenexp_carpet.tik
^~^~^ Add the following line to the *_precache.scr map script:
cache models/fx/heavyshellexp_dirt.tik
^~^~^ Add the following line to the *_precache.scr map script:
cache models/fx/heavyshellexp_stone.tik
^~^~^ Add the following line to the *_precache.scr map script:
cache models/fx/heavyshellexp_snow.tik
^~^~^ Add the following line to the *_precache.scr map script:
cache models/fx/tankexp_dirt.tik
^~^~^ Add the following line to the *_precache.scr map script:
cache models/fx/tankexp_stone.tik
^~^~^ Add the following line to the *_precache.scr map script:
cache models/fx/tankexp_snow.tik
^~^~^ Add the following line to the *_precache.scr map script:
cache models/fx/bazookaexp_dirt.tik
^~^~^ Add the following line to the *_precache.scr map script:
cache models/fx/bazookaexp_stone.tik
^~^~^ Add the following line to the *_precache.scr map script:
cache models/fx/bazookaexp_snow.tik
^~^~^ Add the following line to the *_precache.scr map script:
cache models/fx/water_ripple_still.tik
^~^~^ Add the following line to the *_precache.scr map script:
cache models/fx/water_ripple_moving.tik
^~^~^ Add the following line to the *_precache.scr map script:
cache models/fx/barrel_oil_leak_big.tik
^~^~^ Add the following line to the *_precache.scr map script:
cache models/fx/barrel_oil_leak_medium.tik
^~^~^ Add the following line to the *_precache.scr map script:
cache models/fx/barrel_oil_leak_small.tik
^~^~^ Add the following line to the *_precache.scr map script:
cache models/fx/barrel_oil_leak_splat.tik
^~^~^ Add the following line to the *_precache.scr map script:
cache models/fx/barrel_water_leak_big.tik
^~^~^ Add the following line to the *_precache.scr map script:
cache models/fx/barrel_water_leak_medium.tik
^~^~^ Add the following line to the *_precache.scr map script:
cache models/fx/barrel_water_leak_small.tik
^~^~^ Add the following line to the *_precache.scr map script:
cache models/fx/barrel_water_leak_splat.tik
^~^~^ Add the following line to the *_precache.scr map script:
cache models/fx/fs_light_dust.tik
^~^~^ Add the following line to the *_precache.scr map script:
cache models/fx/fs_heavy_dust.tik
^~^~^ Add the following line to the *_precache.scr map script:
cache models/fx/fs_dirt.tik
^~^~^ Add the following line to the *_precache.scr map script:
cache models/fx/fs_grass.tik
^~^~^ Add the following line to the *_precache.scr map script:
cache models/fx/fs_mud.tik
^~^~^ Add the following line to the *_precache.scr map script:
cache models/fx/fs_puddle.tik
^~^~^ Add the following line to the *_precache.scr map script:
cache models/fx/fs_sand.tik
^~^~^ Add the following line to the *_precache.scr map script:
cache models/fx/fs_snow.tik
^~^~^ Add the following line to the *_precache.scr map script:
cache models/fx/fx_fence_wood.tik
------- Sound End Registration -------
------- Sound End Registration Complete -------
CL_EndRegistration:  0.00 seconds
CL_InitCGame:  1.86 seconds
Going from CS_PRIMED to CS_ACTIVE for Chrissstrahl
Chrissstrahl has entered the battle
^~^~^ Add the following line to the *_precache.scr map script:
cache models/player/american_army_fps.tik
WARNING: could not find begin for section '0' in lensflares
HaZardModding Coop Mod is waiting for you to spawn.
^~^~^ Add the following line to the *_precache.scr map script:
cache models/weapons/m2frag_grenade_sp.tik
execing coop_mod/cfg/detect.cfg
^~^~^ Add the following line to the *_precache.scr map script:
cache models/player/allied_101st_scout.tik
^~^~^ Add the following line to the *_precache.scr map script:
cache models/weapons/bar.tik
^~^~^ Add the following line to the *_precache.scr map script:
cache models/weapons/m2frag_grenade.tik
^~^~^ Add the following line to the *_precache.scr map script:
cache models/weapons/m18_smoke_grenade.tik
^~^~^ Add the following line to the *_precache.scr map script:
cache models/weapons/colt45.tik
MUSIC: changing from [ none | none ] to [ normal | normal ]
^~^~^ Add the following line to the *_precache.scr map script:
cache models/player/allied_101st_scout_fps.tik
^~^~^ Game (Event: 'setthread', Object: 'TriggerOnce') : ^~^~^ Could not find label 'coop_playerJustSpawned1' in 'maps/e1l3.scr'
^~^~^ Add the following line to the *_precache.scr map script:
cache models/weapons/uk_w_vickers.tik
origin (-1120.000000, -4688.000000, 80.000000)
origin (-1168.000000, -1632.000000, 352.000000)
origin (-272.000000, -1840.000000, 592.000000)
origin (-976.000000, -2400.000000, 576.000000)
origin (-208.000000, -2400.000000, 592.000000)
origin (64.000000, -2004.000000, 472.000000)
origin (-40.000000, -1088.000000, 192.000000)
origin (752.000000, -2064.000000, 216.000000)
origin (-464.000000, -2688.000000, 192.000000)
soundtrack switched to music/e1l3.mus.
playing music/e1l3.mus
music set to normal with fallback normal
Loading Ambient.scr
Exploding!
	$boat_guy_2 thread doBoatGuy2 (maps/e1l3/briefing.scr, 614)
	$boat_guy_2 ^

^~^~^ Script Error: command 'thread' applied to NULL listener

start trigger = reanimator_trigger
REANIMATOR >>> wall_attacker_spawnpts enabling 2 guys
REANIMATOR >>> Activating wall_attacker
REANIMATOR >>> Activating wall_attacker
REANIMATOR >>> wall_attacker_spawnpts enabling 3 guys
REANIMATOR >>> Activating reanimated_attacker
REANIMATOR >>> Activating reanimated_attacker
REANIMATOR >>> Activating reanimated_attacker
REANIMATOR >>> wall_attacker_spawnpts enabling 1 guys
REANIMATOR >>> Activating wall_mg_attacker
REANIMATOR >>> Ai_control guy has a mg, enabling ...wall_mg42
REANIMATOR >>> wall_attacker_spawnpts enabling 4 guys
REANIMATOR >>> Activating cover_fire_guy
REANIMATOR >>> Activating cover_fire_guy
REANIMATOR >>> Activating cover_fire_guy
REANIMATOR >>> Activating cover_fire_guy
SOUNDTRACK: Loading music/e1l3.mus
**************S_LoadSound: sound/amb/amb_river.wav
**************S_LoadSound: sound/weapons/foley/pickup_01.wav
execing ui/coop_objectives/obj_reset.cfg
execing ui/coop_objectives/obj_1hidden.cfg
execing ui/coop_objectives/obj_2hidden.cfg
execing ui/coop_objectives/obj_3hidden.cfg
execing ui/coop_objectives/obj_4hidden.cfg
execing ui/coop_objectives/obj_5hidden.cfg
execing ui/coop_objectives/obj_6hidden.cfg
execing ui/coop_objectives/obj_7hidden.cfg
execing ui/coop_objectives/obj_8hidden.cfg
execing ui/coop_objectives/obj_bindkey.cfg
REANIMATOR >>> starting to reanimate 
objectives initialized
		while ((level.obj_num_compass_targs[level.obj_curr_num] > 0) && (global/objmgr.scr, 673)
		while ((level.obj_num_compass_targs[level.obj_curr_num] ^

^~^~^ Script Error: binary '>' applied to incompatible types 'NIL' and 'int'

**************S_LoadSound: sound/vehicle/veh_tank_idle1.wav
music set to aux1 with fallback aux1
forced music ext1
MUSIC: changing from [ normal | normal ] to [ aux1 | aux1 ]
Exploding!
**************S_LoadSound: sound/vehicle/veh_tank_run1.wav
AICLEANUP >>> initializing aicleanup
AICLEANUP >>> aicleanup initialized
^~^~^ Add the following line to the *_precache.scr map script:
cache models/fx/bazookaexplosion_dm.tik
^~^~^ Add the following line to the *_precache.scr map script:
cache models/fx/fx_pocketflash.tik
^~^~^ Add the following line to the *_precache.scr map script:
cache models/projectiles/stukaround.tik
^~^~^ Add the following line to the *_precache.scr map script:
cache models/fx/explosionstukaround.tik
Exploding!
**************S_LoadSound: sound/weapons/fire/mauser98fire1.wav
**************S_LoadSound: sound/weapons/fire/mp40fire1.wav
**************S_LoadSound: sound/weapons/fire/mp40fire2.wav
Vertex color specified for shader 'thrownStone3', but vertex colors are not valid for this model
Exploding!
Exploding!
Exploding!
**************S_LoadSound: sound/weapons/foley/mp40reloadnpc1.wav
Exploding!
Exploding!
Exploding!
Exploding!
^~^~^ BAD FAILSAFE: 1691.00 -6224.96 102.50, 'buddy1'
(entnum 220, radnum 491) blocked, doing failsafe
	$boat_guy_2 turnto $cappy (maps/e1l3/tankride.scr, 230)
	$boat_guy_2 ^

^~^~^ Script Error: command 'turnto' applied to NULL listener

	local.ent playsound local.soundhit (maps/e1l3/tankride.scr, 529)
	local.ent ^

^~^~^ Script Error: command 'playsound' applied to NULL listener

	local.origin = local.ent.origin (maps/e1l3/tankride.scr, 531)
	local.origin = local.ent^

^~^~^ Script Error: Field 'origin' applied to NULL listener

	local.origin[0] += (30 - randomint 60) (maps/e1l3/tankride.scr, 532)
	local.origin[0] ^

^~^~^ Script Error: binary '+' applied to incompatible types 'NIL' and 'int'

	local.origin[1] += (30 - randomint 60) (maps/e1l3/tankride.scr, 533)
	local.origin[1] ^

^~^~^ Script Error: binary '+' applied to incompatible types 'NIL' and 'int'

	local.emitter.origin = local.origin (maps/e1l3/tankride.scr, 559)
	local.emitter^

^~^~^ Script Error: Cannot cast 'array' to vector

	local.temp.origin = local.origin   (maps/e1l3/tankride.scr, 581)
	local.temp^

^~^~^ Script Error: Cannot cast 'array' to vector

	local.temp.origin = local.origin   (maps/e1l3/tankride.scr, 570)
	local.temp^

^~^~^ Script Error: Cannot cast 'array' to vector

(entnum 220, radnum 491) failsafe finished
Ambient Artillery Over
Starting Briefing
**************S_LoadSound: sound/vehicle/veh_truck_on.wav
^~^~^ Add the following line to the *_precache.scr map script:
cache models/gear/german_dakcap.tik
^~^~^ Bad model name 'NIL'
^~^~^ Bad model name 'NIL'
reanimator.scr -> Spawning guy at script_origin : (1451.000000, -2060.000000, 175.000000)
REANIMATOR >>> Cloning reanimated_attacker
REANIMATOR >>> dude mg = NIL
^~^~^ Bad model name 'NIL'
^~^~^ Bad model name 'NIL'
^~^~^ Bad model name 'NIL'
**************S_LoadSound: sound/weapons/explo/explo_stonemed1.wav
	$buddy2 notsolid (maps/e1l3/tankride.scr, 277)
	$buddy2 ^

^~^~^ Script Error: command 'notsolid' applied to NULL listener

^~^~^ Bad model name 'NIL'
**************S_LoadSound: sound/mechanics/obj_breakstonesml_01.wav
**************S_LoadSound: sound/mechanics/obj_breakstonesml_02.wav
**************S_LoadSound: sound/mechanics/obj_breakstonesml_03.wav
Forward velocity: 83.386
	$buddy1.enableEnemy = 1 (maps/e1l3/briefing.scr, 268)
	$buddy1^

^~^~^ Script Error: Field 'enableEnemy' applied to NULL listener

	$buddy2.enableEnemy = 1 (maps/e1l3/briefing.scr, 269)
	$buddy2^

^~^~^ Script Error: Field 'enableEnemy' applied to NULL listener

Objective transition = gotBriefing
An objective has been added!
	$buddy1 thread DieBuddy (maps/e1l3/briefing.scr, 281)
	$buddy1 ^

^~^~^ Script Error: command 'thread' applied to NULL listener

	$buddy1 thread DieBuddy (maps/e1l3/briefing.scr, 282)
	$buddy1 ^

^~^~^ Script Error: command 'thread' applied to NULL listener

^~^~^ Add the following line to the *_precache.scr map script:
cache models/items/af_p_lantern.tik
^~^~^ weapon '' is not handled in weapon.scr... setting to none!!
^~^~^ weapon '' is not handled in weapon.scr... setting to none!!
execing ui/coop_objectives/obj_1active
execing ui/coop_objectives/obj_2active
Couldn't find animation 'DFRUS_E1L3_PF2501' in 'models/human/sc_al_us_infmask.tik' - trying sound alias instead.
^~^~^ Callback of sound 'DFRUS_E1L3_PF2501' ignored.
reanimator.scr -> Spawning guy at 1 : NIL
REANIMATOR >>> Cloning cover_fire_guy
	local.ent.origin				= local.origin (global/reanimator.scr, 460)
	local.ent^

^~^~^ Script Error: Cannot cast 'NIL' to vector

REANIMATOR >>> dude mg = NIL
^~^~^ Path not found in 'Actor::MoveToPatrolCurrentNode' for (entnum 137, radnum 516, targetname 'cover_fire_guy') from (0.000000 0.000000 0.125000) to (1896.874756 -4761.127441 128.125000)
Reason: couldn't find start node
^~^~^ Add the following line to the *_precache.scr map script:
cache models/equipment/usgear/helmet_ranger_private.tik
^~^~^ Bad model name 'NIL'
	$buddy2 solid (maps/e1l3/tankride.scr, 280)
	$buddy2 ^

^~^~^ Script Error: command 'solid' applied to NULL listener

^~^~^ Add the following line to the *_precache.scr map script:
cache models/fx/fx_tank_explosion.tik
^~^~^ Add the following line to the *_precache.scr map script:
cache models/emitters/tehao_explosionwall.tik
**************S_LoadSound: sound/weapons/foley/rifleshellhard1.wav
^~^~^ Not playing sound 'sound/weapons/explo/explo_grenade1.wav'
^~^~^ Add the following line to the *_precache.scr map script:
cache models/vehicles/shermantank_damaged.tik
^~^~^ Not playing sound 'sound/weapons/explo/explo_grenade1.wav'
^~^~^ Not playing sound 'sound/weapons/explo/explo_grenade1.wav'
^~^~^ Bad model name 'NIL'
reanimator.scr -> Spawning guy at 1 : NIL
REANIMATOR >>> Cloning cover_fire_guy
	local.ent.origin				= local.origin (global/reanimator.scr, 460)
	local.ent^

^~^~^ Script Error: Cannot cast 'NIL' to vector

REANIMATOR >>> dude mg = NIL
^~^~^ Path not found in 'Actor::MoveToPatrolCurrentNode' for (entnum 145, radnum 515, targetname 'cover_fire_guy') from (0.000000 0.000000 0.125000) to (944.097107 -5127.097168 128.125000)
Reason: couldn't find start node
^~^~^ Path not found in 'Actor::MoveToPatrolCurrentNode' for (entnum 137, radnum 516, targetname 'cover_fire_guy') from (-4.235556 -10.235737 0.125000) to (1896.874756 -4761.125000 128.125000)
Reason: couldn't find start node
^~^~^ Bad model name 'NIL'
reanimator.scr -> Spawning guy at 1 : NIL
REANIMATOR >>> Cloning wall_attacker
	local.ent.origin				= local.origin (global/reanimator.scr, 460)
	local.ent^

^~^~^ Script Error: Cannot cast 'NIL' to vector

REANIMATOR >>> dude mg = NIL
^~^~^ Path not found in 'Actor::MoveToPatrolCurrentNode' for (entnum 44, radnum 182, targetname 'wall_attacker') from (0.000000 0.000000 0.125000) to (-54.590008 -2781.070068 128.125000)
Reason: couldn't find start node
No active weapon in slot #: "0"
^~^~^ Path not found in 'Actor::MoveToPatrolCurrentNode' for (entnum 282, radnum 154, targetname 'Boat2Gunner') from (-1280.000000 -4888.000000 8.000000) to (-1229.000000 -4874.000000 8.000000)
Reason: couldn't find end node
^~^~^ Path not found in 'Actor::MoveToPatrolCurrentNode' for (entnum 145, radnum 515, targetname 'cover_fire_guy') from (-4.235556 -10.235737 0.125000) to (944.097107 -5127.097168 128.125000)
Reason: couldn't find start node
^~^~^ Path not found in 'Actor::MoveToPatrolCurrentNode' for (entnum 137, radnum 516, targetname 'cover_fire_guy') from (-4.318191 -4.281765 0.125000) to (1896.874756 -4761.125000 128.125000)
Reason: couldn't find start node
...........................
^~^~^ Bad model name 'NIL'
...........................
...........................
^~^~^ Path not found in 'Actor::MoveToPatrolCurrentNode' for (entnum 276, radnum 170, targetname 'BoatEnemy') from (-928.000000 -2480.000000 512.125000) to (-1072.000000 -4664.000000 0.000000)
Reason: couldn't find end node
^~^~^ Path not found in 'Actor::MoveToPatrolCurrentNode' for (entnum 313, radnum 157, targetname 'BoatEnemy') from (-1056.000000 -2480.000000 512.125000) to (-1072.000000 -4664.000000 0.000000)
Reason: couldn't find end node
^~^~^ Path not found in 'Actor::MoveToPatrolCurrentNode' for (entnum 44, radnum 182, targetname 'wall_attacker') from (-4.235556 -10.235737 0.125000) to (-54.590008 -2781.070068 128.125000)
Reason: couldn't find start node
^~^~^ Path not found in 'Actor::MoveToPatrolCurrentNode' for (entnum 145, radnum 515, targetname 'cover_fire_guy') from (-4.318191 -4.281765 0.125000) to (944.097107 -5127.097168 128.125000)
Reason: couldn't find start node
^~^~^ Path not found in 'Actor::MoveToPatrolCurrentNode' for (entnum 137, radnum 516, targetname 'cover_fire_guy') from (-2.199952 -9.860843 0.125000) to (1896.874756 -4761.125000 128.125000)
Reason: couldn't find start node
^~^~^ Bad model name 'NIL'
			$boat1 playsound arty_leadin (maps/e1l3/boating.scr, 416)
			$boat1 ^

^~^~^ Script Error: command 'playsound' applied to NULL listener

			$boat1 waittill sounddone (maps/e1l3/boating.scr, 417)
			$boat1 ^

^~^~^ Script Error: command 'waittill' applied to NULL listener

^~^~^ Path not found in 'Actor::MoveToPatrolCurrentNode' for (entnum 44, radnum 182, targetname 'wall_attacker') from (-4.318191 -4.281765 0.125000) to (-54.590008 -2781.070068 128.125000)
Reason: couldn't find start node
^~^~^ Bad model name 'NIL'
			$boat1 playsound arty_leadin (maps/e1l3/boating.scr, 416)
			$boat1 ^

^~^~^ Script Error: command 'playsound' applied to NULL listener

			$boat1 waittill sounddone (maps/e1l3/boating.scr, 417)
			$boat1 ^

^~^~^ Script Error: command 'waittill' applied to NULL listener

	$boatAPath delete (coop_mod/butler.scr, 345)
	$boatAPath ^

^~^~^ Script Error: command 'delete' applied to NULL listener

	$boatAPath_node2 delete (coop_mod/butler.scr, 346)
	$boatAPath_node2 ^

^~^~^ Script Error: command 'delete' applied to NULL listener

	$boatAPath_node3 delete (coop_mod/butler.scr, 347)
	$boatAPath_node3 ^

^~^~^ Script Error: command 'delete' applied to NULL listener

	$boatBPath delete (coop_mod/butler.scr, 349)
	$boatBPath ^

^~^~^ Script Error: command 'delete' applied to NULL listener

	$boatBPath_node2 delete (coop_mod/butler.scr, 350)
	$boatBPath_node2 ^

^~^~^ Script Error: command 'delete' applied to NULL listener

	$boatBPath_node3 delete (coop_mod/butler.scr, 351)
	$boatBPath_node3 ^

^~^~^ Script Error: command 'delete' applied to NULL listener

^~^~^ Bad model name 'NIL'
^~^~^ Attack medium range default case for unarmed weapon group - fix attack.scr
			$boat1 playsound arty_leadin (maps/e1l3/boating.scr, 416)
			$boat1 ^

^~^~^ Script Error: command 'playsound' applied to NULL listener

			$boat1 waittill sounddone (maps/e1l3/boating.scr, 417)
			$boat1 ^

^~^~^ Script Error: command 'waittill' applied to NULL listener

reanimator.scr -> Spawning guy at 1 : (-304.000000, -5328.000000, 64.125000)
REANIMATOR >>> Cloning cover_fire_guy
REANIMATOR >>> dude mg = NIL
			$boat1 playsound arty_leadin (maps/e1l3/boating.scr, 416)
			$boat1 ^

^~^~^ Script Error: command 'playsound' applied to NULL listener

			$boat1 waittill sounddone (maps/e1l3/boating.scr, 417)
			$boat1 ^

^~^~^ Script Error: command 'waittill' applied to NULL listener

^~^~^ Bad model name 'NIL'
^~^~^ Add the following line to the *_precache.scr map script:
cache models/weapons/uk_w_vickers_clip.tik
			$boat1 playsound arty_leadin (maps/e1l3/boating.scr, 416)
			$boat1 ^

^~^~^ Script Error: command 'playsound' applied to NULL listener

			$boat1 waittill sounddone (maps/e1l3/boating.scr, 417)
			$boat1 ^

^~^~^ Script Error: command 'waittill' applied to NULL listener

^~^~^ Bad model name 'NIL'
			$boat1 playsound arty_leadin (maps/e1l3/boating.scr, 416)
			$boat1 ^

^~^~^ Script Error: command 'playsound' applied to NULL listener

			$boat1 waittill sounddone (maps/e1l3/boating.scr, 417)
			$boat1 ^

^~^~^ Script Error: command 'waittill' applied to NULL listener

^~^~^ Bad model name 'NIL'
			$boat1 playsound arty_leadin (maps/e1l3/boating.scr, 416)
			$boat1 ^

^~^~^ Script Error: command 'playsound' applied to NULL listener

			$boat1 waittill sounddone (maps/e1l3/boating.scr, 417)
			$boat1 ^

^~^~^ Script Error: command 'waittill' applied to NULL listener

**************S_LoadSound: sound/weapons/foley/grenade_pull.wav
Objective transition = crossedCanal
An objective has been completed!
execing ui/coop_objectives/obj_1complete
^~^~^ Bad model name 'NIL'
reanimator.scr -> Spawning guy at 1 : (-304.000000, -5328.000000, 64.125000)
REANIMATOR >>> Cloning cover_fire_guy
REANIMATOR >>> dude mg = NIL
e1l3_start removed 1 water motar
e1l3_start removed 1 water motar
e1l3_start removed 1 water motar
e1l3_start removed 1 water motar
e1l3_start removed 1 water motar
e1l3_start removed 1 water motar
e1l3_start removed 1 water motar
e1l3_start removed 1 water motar
e1l3_start removed 1 water motar
e1l3_start removed 1 water motar
**************S_LoadSound: sound/weapons/foley/grenadebouncehard1.wav
^~^~^ Attack medium range default case for unarmed weapon group - fix attack.scr
**************S_LoadSound: sound/weapons/foley/grenadebouncemetal1.wav
^~^~^ Bad model name 'NIL'
^~^~^ Path not found in 'Actor::MoveToPatrolCurrentNode' for (entnum 274, radnum 156, targetname 'BoatGuy') from (-1438.199219 -2752.548828 8.125000) to (-1072.728882 -2697.127197 131.852783)
Reason: couldn't find end node
reanimator.scr -> Spawning guy at 1 : (-304.000000, -5328.000000, 64.125000)
REANIMATOR >>> Cloning cover_fire_guy
REANIMATOR >>> dude mg = NIL
^~^~^ Path not found in 'Actor::MoveToPatrolCurrentNode' for (entnum 145, radnum 515, targetname 'cover_fire_guy') from (-5.241137 -21.450918 -1189.875000) to (1797.000000 -3415.000000 128.125000)
Reason: couldn't find start node
...........................
...........................
^~^~^ Bad model name 'NIL'
^~^~^ Not playing sound 'sound/weapons/impact/wpn_impwood03.wav'
^~^~^ Path not found in 'Actor::MoveToPatrolCurrentNode' for (entnum 145, radnum 515, targetname 'cover_fire_guy') from (-6.735318 -40.316753 -18359.875000) to (1797.000000 -3415.000000 128.125000)
Reason: couldn't find start node
^~^~^ Bad model name 'NIL'
^~^~^ Add the following line to the *_precache.scr map script:
cache models/projectiles/steilhandgranate_ai.tik
^~^~^ Add the following line to the *_precache.scr map script:
cache models/emitters/explosion_tank.tik
**************S_LoadSound: sound/mechanics/doorhatchclose_02.wav
**************S_LoadSound: sound/weapons/explo/explo_stonemed2.wav
		self.gun waittill ontarget (maps/e1l3/tankride.scr, 339)
		self^

^~^~^ Script Error: Field 'gun' applied to NULL listener

		self.gun waittill ontarget (maps/e1l3/tankride.scr, 339)
		self.gun ^

^~^~^ Script Error: command 'waittill' applied to NIL

		self.gun anim fire (maps/e1l3/tankride.scr, 340)
		self^

^~^~^ Script Error: Field 'gun' applied to NULL listener

		self.gun anim fire (maps/e1l3/tankride.scr, 340)
		self.gun ^

^~^~^ Script Error: command 'anim' applied to NIL

e1l3_bridgeBlowupClensing removed 1 script_origin
e1l3_bridgeBlowupClensing removed 1 script_origin
e1l3_bridgeBlowupClensing removed 1 script_origin
e1l3_bridgeBlowupClensing removed 1 script_origin
e1l3_bridgeBlowupClensing removed 1 script_origin
e1l3_bridgeBlowupClensing removed 1 script_origin
e1l3_bridgeBlowupClensing removed 1 script_origin
e1l3_bridgeBlowupClensing removed 1 script_origin
e1l3_bridgeBlowupClensing removed 1 script_origin
e1l3_bridgeBlowupClensing removed 1 script_origin
e1l3_bridgeBlowupClensing removed 1 script_origin
e1l3_bridgeBlowupClensing removed 1 script_origin
e1l3_bridgeBlowupClensing removed 1 script_origin
e1l3_bridgeBlowupClensing removed 1 script_origin
e1l3_bridgeBlowupClensing removed 1 script_origin
e1l3_bridgeBlowupClensing removed 1 script_origin
^~^~^ Not playing sound 'sound/weapons/explo/exp_water_02.wav'
^~^~^ Path not found in 'Actor::MoveToPatrolCurrentNode' for (entnum 145, radnum 515, targetname 'cover_fire_guy') from (-8.229506 -59.182590 -55931.875000) to (1797.000000 -3415.000000 128.125000)
Reason: couldn't find start node
**************S_LoadSound: sound/mechanics/obj_breakstonesml_04.wav
		self.script_o thread TankHit (maps/e1l3/tankride.scr, 342)
		self^

^~^~^ Script Error: self is NULL

		self.script_o thread TankHit (maps/e1l3/tankride.scr, 342)
		self.script_o ^

^~^~^ Script Error: command 'thread' applied to NIL

	self.script_o remove (maps/e1l3/tankride.scr, 345)
	self^

^~^~^ Script Error: self is NULL

	self.script_o remove (maps/e1l3/tankride.scr, 345)
	self.script_o ^

^~^~^ Script Error: command 'remove' applied to NIL

TANKRIDE >>> Tank attack over
REANIMATOR >>> Error: spawnpoints field points to invalid array!, quitting
^~^~^ Path not found in 'Actor::MoveToPatrolCurrentNode' for (entnum 145, radnum 515, targetname 'cover_fire_guy') from (-9.723736 -78.048424 -113905.875000) to (1797.000000 -3415.000000 128.125000)
Reason: couldn't find start node
**************S_LoadSound: sound/weapons/foley/pistolshellmed2.wav
**************S_LoadSound: sound/weapons/foley/pistolshellsoft2.wav
(entnum 283, radnum 158) blocked, doing failsafe
^~^~^ Attack medium range default case for unarmed weapon group - fix attack.scr
(entnum 283, radnum 158) failsafe finished
**************S_LoadSound: sound/weapons/foley/pistolshellsoft1.wav
**************S_LoadSound: sound/weapons/foley/pistolshellmed1.wav
reanimator.scr -> Spawning guy at 1 : (-304.000000, -5328.000000, 64.125000)
REANIMATOR >>> Cloning cover_fire_guy
REANIMATOR >>> dude mg = NIL
^~^~^ Add the following line to the *_precache.scr map script:
cache models/items/explosive.tik
^~^~^ There are no items currently in the players inventory!!
Recovered 25 Health
^~^~^ Not playing sound 'sound/weapons/impact/wpn_impwood03.wav'
^~^~^ Add the following line to the *_precache.scr map script:
cache models/emitters/mortar_higgins.tik
**************S_LoadSound: sound/weapons/foley/grenadebouncesoft1.wav
e1l3_jailbreakClensing removed 0 script_origins
	$JailWallThrobber remove (coop_mod/butler.scr, 285)
	$JailWallThrobber ^

^~^~^ Script Error: command 'remove' applied to NULL listener

e1l3_jailbreakClensing removed 3 useless objects
e1l3_boatRideStarts removed 3 useless objects
	local.ent anim stop (global/model.scr, 15)
	local.ent ^

^~^~^ Script Error: command 'anim' applied to NULL listener

	local.ent delete (global/model.scr, 16)
	local.ent ^

^~^~^ Script Error: command 'delete' applied to NULL listener

Forward velocity: 306.581
reanimator.scr -> Spawning guy at 1 : (-304.000000, -5328.000000, 64.125000)
REANIMATOR >>> Cloning cover_fire_guy
REANIMATOR >>> dude mg = NIL
reanimator.scr -> Spawning guy at 1 : (-304.000000, -5328.000000, 64.125000)
REANIMATOR >>> Cloning cover_fire_guy
REANIMATOR >>> dude mg = NIL
Forward velocity: 118.387
reanimator.scr -> Spawning guy at 1 : (-304.000000, -5328.000000, 64.125000)
REANIMATOR >>> Cloning cover_fire_guy
REANIMATOR >>> dude mg = NIL
Forward velocity: 296.161
reanimator.scr -> Spawning guy at 1 : (-304.000000, -5328.000000, 64.125000)
REANIMATOR >>> Cloning cover_fire_guy
REANIMATOR >>> dude mg = NIL
	$PrisonDoorOther unlock (maps/e1l3/jailbreak.scr, 367)
	$PrisonDoorOther ^

^~^~^ Script Error: command 'unlock' applied to NULL listener

You have acquired the keys!
no thread to ran thread
^~^~^ Add the following line to the *_precache.scr map script:
cache models/gear/german_dakhelmet.tik
	$follow_tank_damaged remove (maps/e1l3/jailbreak.scr, 385)
	$follow_tank_damaged ^

^~^~^ Script Error: command 'remove' applied to NULL listener

REANIMATOR >>> mgcontroller enabling 1 guys
REANIMATOR >>> Activating t97933
REANIMATOR >>> Ai_control guy has a mg, enabling ...mg
music set to aux3 with fallback aux3
forced music ext2
MUSIC: changing from [ aux1 | aux1 ] to [ aux3 | aux3 ]
REANIMATOR >>> starting to reanimate 
...........................
^~^~^ Path not found in 'Actor::MoveToPatrolCurrentNode' for (entnum 85, radnum 106, targetname 'Court1Guys') from (-16.000000 -752.000000 128.125000) to (732.567017 -2150.774170 128.125000)
Reason: unreachable path
reanimator.scr -> Spawning guy at script_origin : (2846.000000, -2255.000000, 175.000000)
REANIMATOR >>> Cloning wall_mg_attacker
REANIMATOR >>> dude mg = wall_mg42
^~^~^ Path not found in 'Actor::MoveToPatrolCurrentNode' for (entnum 37, radnum 521, targetname 'wall_mg_attacker') from (2846.000000 -2255.000000 175.000000) to (1955.000000 -2781.000000 191.000000)
Reason: couldn't find end node
REANIMATOR >>> Spawned guy wall_mg_attacker has a machine gun, enabling ....
^~^~^ Path not found in 'Actor::MoveToPatrolCurrentNode' for (entnum 37, radnum 521, targetname 'wall_mg_attacker') from (2840.300781 -2251.175049 128.125000) to (1955.000000 -2781.000000 191.000000)
Reason: couldn't find end node
music set to aux1 with fallback aux1
forced music ext1
MUSIC: changing from [ aux3 | aux3 ] to [ aux1 | aux1 ]
Objective transition = freedBrits
An objective has been completed!
execing ui/coop_objectives/obj_2complete
execing ui/coop_objectives/obj_3active
^~^~^ Path not found in 'Actor::MoveToPatrolCurrentNode' for (entnum 37, radnum 521, targetname 'wall_mg_attacker') from (2842.120605 -2256.844727 128.125000) to (1955.000000 -2781.000000 191.000000)
Reason: couldn't find end node
^~^~^ Path not found in 'Actor::MoveToPatrolCurrentNode' for (entnum 37, radnum 521, targetname 'wall_mg_attacker') from (2837.096191 -2261.834229 128.125000) to (1955.000000 -2781.000000 191.000000)
Reason: couldn't find end node
music set to aux3 with fallback aux3
forced music ext2
MUSIC: changing from [ aux1 | aux1 ] to [ aux3 | aux3 ]
reanimator.scr -> Spawning guy at script_origin : (2846.000000, -2255.000000, 175.000000)
REANIMATOR >>> Cloning wall_mg_attacker
REANIMATOR >>> dude mg = wall_mg42
^~^~^ Path not found in 'Actor::MoveToPatrolCurrentNode' for (entnum 38, radnum 521, targetname 'wall_mg_attacker') from (2846.000000 -2255.000000 175.000000) to (1955.000000 -2781.000000 191.000000)
Reason: couldn't find end node
REANIMATOR >>> Spawned guy wall_mg_attacker has a machine gun, enabling ....
^~^~^ LD ERROR: (entnum 139, radnum 214, targetname 'Prisoner2'):    reducing mindist from 128 to 64 to match leash.
^~^~^ Leash must be greater than mindist, or the AI will want to both run away and stay put.

	if (local.spawnpoint.model != NIL && local.spawnpoint.model != "") (global/parade.scr, 683)
	if (local.spawnpoint^

^~^~^ Script Error: There are 0 entities with targetname 'waitthread'. You are using a command that requires exactly one.

	local.ent.origin = local.spawnpoint.origin (global/parade.scr, 692)
	local.ent.origin = local.spawnpoint^

^~^~^ Script Error: There are 0 entities with targetname 'waitthread'. You are using a command that requires exactly one.

	local.ent.origin = local.spawnpoint.origin (global/parade.scr, 692)
	local.ent^

^~^~^ Script Error: Cannot cast 'NIL' to vector

	if (local.spawnpoint.health != NIL && local.spawnpoint.health != 0) (global/parade.scr, 696)
	if (local.spawnpoint^

^~^~^ Script Error: There are 0 entities with targetname 'waitthread'. You are using a command that requires exactly one.

	if (local.spawnpoint.enemyname != NIL && local.spawnpoint.enemyname != "") (global/parade.scr, 710)
	if (local.spawnpoint^

^~^~^ Script Error: There are 0 entities with targetname 'waitthread'. You are using a command that requires exactly one.

	if (local.spawnpoint.accuracy != NIL && local.spawnpoint.accuracy != 0) (global/parade.scr, 719)
	if (local.spawnpoint^

^~^~^ Script Error: There are 0 entities with targetname 'waitthread'. You are using a command that requires exactly one.

	if (local.spawnpoint.ammo_grenade != NIL && local.spawnpoint.ammo_grenade != 0) (global/parade.scr, 724)
	if (local.spawnpoint^

^~^~^ Script Error: There are 0 entities with targetname 'waitthread'. You are using a command that requires exactly one.

	if (local.spawnpoint.angle != NIL) (global/parade.scr, 729)
	if (local.spawnpoint^

^~^~^ Script Error: There are 0 entities with targetname 'waitthread'. You are using a command that requires exactly one.

	if (local.spawnpoint.balconyheight != NIL && local.spawnpoint.balconyheight != 0) (global/parade.scr, 732)
	if (local.spawnpoint^

^~^~^ Script Error: There are 0 entities with targetname 'waitthread'. You are using a command that requires exactly one.

	if (local.spawnpoint.disguise_level != NIL && local.spawnpoint.disguise_level != 0) (global/parade.scr, 737)
	if (local.spawnpoint^

^~^~^ Script Error: There are 0 entities with targetname 'waitthread'. You are using a command that requires exactly one.

	if (local.spawnpoint.disguise_period != NIL && local.spawnpoint.disguise_period != 0) (global/parade.scr, 742)
	if (local.spawnpoint^

^~^~^ Script Error: There are 0 entities with targetname 'waitthread'. You are using a command that requires exactly one.

	if (local.spawnpoint.disguise_range != NIL && local.spawnpoint.disguise_range != 0) (global/parade.scr, 747)
	if (local.spawnpoint^

^~^~^ Script Error: There are 0 entities with targetname 'waitthread'. You are using a command that requires exactly one.

	if (local.spawnpoint.enemysharerange != NIL && local.spawnpoint.enemysharerange != 0) (global/parade.scr, 752)
	if (local.spawnpoint^

^~^~^ Script Error: There are 0 entities with targetname 'waitthread'. You are using a command that requires exactly one.

	if (local.spawnpoint.fixedleash != NIL && local.spawnpoint.fixedleash != 0) (global/parade.scr, 757)
	if (local.spawnpoint^

^~^~^ Script Error: There are 0 entities with targetname 'waitthread'. You are using a command that requires exactly one.

	if (local.spawnpoint.gren_awareness != NIL && local.spawnpoint.gren_awareness != 0) (global/parade.scr, 762)
	if (local.spawnpoint^

^~^~^ Script Error: There are 0 entities with targetname 'waitthread'. You are using a command that requires exactly one.

	if (local.spawnpoint.gun != NIL && local.spawnpoint.gun != "") (global/parade.scr, 767)
	if (local.spawnpoint^

^~^~^ Script Error: There are 0 entities with targetname 'waitthread'. You are using a command that requires exactly one.

	if (local.spawnpoint.noticescale != NIL && local.spawnpoint.noticescale != 0) (global/parade.scr, 772)
	if (local.spawnpoint^

^~^~^ Script Error: There are 0 entities with targetname 'waitthread'. You are using a command that requires exactly one.

	if (local.spawnpoint.sound_awareness != NIL && local.spawnpoint.sound_awareness != 0) (global/parade.scr, 777)
	if (local.spawnpoint^

^~^~^ Script Error: There are 0 entities with targetname 'waitthread'. You are using a command that requires exactly one.

	if (local.spawnpoint.type_attack != NIL && local.spawnpoint.type_attack != "") (global/parade.scr, 783)
	if (local.spawnpoint^

^~^~^ Script Error: There are 0 entities with targetname 'waitthread'. You are using a command that requires exactly one.

	if (local.spawnpoint.type_disguise != NIL && local.spawnpoint.type_disguise != "") (global/parade.scr, 790)
	if (local.spawnpoint^

^~^~^ Script Error: There are 0 entities with targetname 'waitthread'. You are using a command that requires exactly one.

	if (local.spawnpoint.type_grenade != NIL && local.spawnpoint.type_grenade != "") (global/parade.scr, 795)
	if (local.spawnpoint^

^~^~^ Script Error: There are 0 entities with targetname 'waitthread'. You are using a command that requires exactly one.

	if (local.spawnpoint.type_idle != NIL && local.spawnpoint.type_idle != "") (global/parade.scr, 800)
	if (local.spawnpoint^

^~^~^ Script Error: There are 0 entities with targetname 'waitthread'. You are using a command that requires exactly one.

	if (local.spawnpoint.waittrigger != NIL && local.spawnpoint.waittrigger != false) (global/parade.scr, 805)
	if (local.spawnpoint^

^~^~^ Script Error: There are 0 entities with targetname 'waitthread'. You are using a command that requires exactly one.

	if (local.spawnpoint.hearing != NIL && local.spawnpoint.hearing != 0) (global/parade.scr, 810)
	if (local.spawnpoint^

^~^~^ Script Error: There are 0 entities with targetname 'waitthread'. You are using a command that requires exactly one.

	if (local.spawnpoint.sight != NIL && local.spawnpoint.sight != 0) (global/parade.scr, 815)
	if (local.spawnpoint^

^~^~^ Script Error: There are 0 entities with targetname 'waitthread'. You are using a command that requires exactly one.

	if (local.spawnpoint.fov != NIL && local.spawnpoint.fov != 0) (global/parade.scr, 820)
	if (local.spawnpoint^

^~^~^ Script Error: There are 0 entities with targetname 'waitthread'. You are using a command that requires exactly one.

	if (local.spawnpoint.leash != NIL && local.spawnpoint.leash != 0) (global/parade.scr, 825)
	if (local.spawnpoint^

^~^~^ Script Error: There are 0 entities with targetname 'waitthread'. You are using a command that requires exactly one.

	if (local.spawnpoint.mindist != NIL && local.spawnpoint.mindist != 0) (global/parade.scr, 830)
	if (local.spawnpoint^

^~^~^ Script Error: There are 0 entities with targetname 'waitthread'. You are using a command that requires exactly one.

	if (local.spawnpoint.maxdist != NIL && local.spawnpoint.maxdist != 0) (global/parade.scr, 835)
	if (local.spawnpoint^

^~^~^ Script Error: There are 0 entities with targetname 'waitthread'. You are using a command that requires exactly one.

	if (local.spawnpoint.interval != NIL && local.spawnpoint.interval != 0) (global/parade.scr, 856)
	if (local.spawnpoint^

^~^~^ Script Error: There are 0 entities with targetname 'waitthread'. You are using a command that requires exactly one.

	if (local.spawnpoint.favoriteenemy != NIL && local.spawnpoint.favoriteenemy != "") (global/parade.scr, 870)
	if (local.spawnpoint^

^~^~^ Script Error: There are 0 entities with targetname 'waitthread'. You are using a command that requires exactly one.

	if (local.spawnpoint.ainoprone != NIL && local.spawnpoint.ainoprone != "")   (global/parade.scr, 881)
	if (local.spawnpoint^

^~^~^ Script Error: There are 0 entities with targetname 'waitthread'. You are using a command that requires exactly one.

	if (local.spawnpoint.ainocrouch != NIL && local.spawnpoint.ainocrouch != "") (global/parade.scr, 884)
	if (local.spawnpoint^

^~^~^ Script Error: There are 0 entities with targetname 'waitthread'. You are using a command that requires exactly one.

	if ($(local.spawnPoint.target)){ (global/parade.scr, 906)
	if ($(local.spawnPoint^

^~^~^ Script Error: There are 0 entities with targetname 'waitthread'. You are using a command that requires exactly one.

	if (local.spawnpoint.model != NIL && local.spawnpoint.model != "") (global/parade.scr, 683)
	if (local.spawnpoint^

^~^~^ Script Error: There are 0 entities with targetname 'waitthread'. You are using a command that requires exactly one.

	local.ent.origin = local.spawnpoint.origin (global/parade.scr, 692)
	local.ent.origin = local.spawnpoint^

^~^~^ Script Error: There are 0 entities with targetname 'waitthread'. You are using a command that requires exactly one.

	local.ent.origin = local.spawnpoint.origin (global/parade.scr, 692)
	local.ent^

^~^~^ Script Error: Cannot cast 'NIL' to vector

	if (local.spawnpoint.health != NIL && local.spawnpoint.health != 0) (global/parade.scr, 696)
	if (local.spawnpoint^

^~^~^ Script Error: There are 0 entities with targetname 'waitthread'. You are using a command that requires exactly one.

	if (local.spawnpoint.enemyname != NIL && local.spawnpoint.enemyname != "") (global/parade.scr, 710)
	if (local.spawnpoint^

^~^~^ Script Error: There are 0 entities with targetname 'waitthread'. You are using a command that requires exactly one.

	if (local.spawnpoint.accuracy != NIL && local.spawnpoint.accuracy != 0) (global/parade.scr, 719)
	if (local.spawnpoint^

^~^~^ Script Error: There are 0 entities with targetname 'waitthread'. You are using a command that requires exactly one.

	if (local.spawnpoint.ammo_grenade != NIL && local.spawnpoint.ammo_grenade != 0) (global/parade.scr, 724)
	if (local.spawnpoint^

^~^~^ Script Error: There are 0 entities with targetname 'waitthread'. You are using a command that requires exactly one.

	if (local.spawnpoint.angle != NIL) (global/parade.scr, 729)
	if (local.spawnpoint^

^~^~^ Script Error: There are 0 entities with targetname 'waitthread'. You are using a command that requires exactly one.

	if (local.spawnpoint.balconyheight != NIL && local.spawnpoint.balconyheight != 0) (global/parade.scr, 732)
	if (local.spawnpoint^

^~^~^ Script Error: There are 0 entities with targetname 'waitthread'. You are using a command that requires exactly one.

	if (local.spawnpoint.disguise_level != NIL && local.spawnpoint.disguise_level != 0) (global/parade.scr, 737)
	if (local.spawnpoint^

^~^~^ Script Error: There are 0 entities with targetname 'waitthread'. You are using a command that requires exactly one.

	if (local.spawnpoint.disguise_period != NIL && local.spawnpoint.disguise_period != 0) (global/parade.scr, 742)
	if (local.spawnpoint^

^~^~^ Script Error: There are 0 entities with targetname 'waitthread'. You are using a command that requires exactly one.

	if (local.spawnpoint.disguise_range != NIL && local.spawnpoint.disguise_range != 0) (global/parade.scr, 747)
	if (local.spawnpoint^

^~^~^ Script Error: There are 0 entities with targetname 'waitthread'. You are using a command that requires exactly one.

	if (local.spawnpoint.enemysharerange != NIL && local.spawnpoint.enemysharerange != 0) (global/parade.scr, 752)
	if (local.spawnpoint^

^~^~^ Script Error: There are 0 entities with targetname 'waitthread'. You are using a command that requires exactly one.

	if (local.spawnpoint.fixedleash != NIL && local.spawnpoint.fixedleash != 0) (global/parade.scr, 757)
	if (local.spawnpoint^

^~^~^ Script Error: There are 0 entities with targetname 'waitthread'. You are using a command that requires exactly one.

	if (local.spawnpoint.gren_awareness != NIL && local.spawnpoint.gren_awareness != 0) (global/parade.scr, 762)
	if (local.spawnpoint^

^~^~^ Script Error: There are 0 entities with targetname 'waitthread'. You are using a command that requires exactly one.

	if (local.spawnpoint.gun != NIL && local.spawnpoint.gun != "") (global/parade.scr, 767)
	if (local.spawnpoint^

^~^~^ Script Error: There are 0 entities with targetname 'waitthread'. You are using a command that requires exactly one.

	if (local.spawnpoint.noticescale != NIL && local.spawnpoint.noticescale != 0) (global/parade.scr, 772)
	if (local.spawnpoint^

^~^~^ Script Error: There are 0 entities with targetname 'waitthread'. You are using a command that requires exactly one.

	if (local.spawnpoint.sound_awareness != NIL && local.spawnpoint.sound_awareness != 0) (global/parade.scr, 777)
	if (local.spawnpoint^

^~^~^ Script Error: There are 0 entities with targetname 'waitthread'. You are using a command that requires exactly one.

	if (local.spawnpoint.type_attack != NIL && local.spawnpoint.type_attack != "") (global/parade.scr, 783)
	if (local.spawnpoint^

^~^~^ Script Error: There are 0 entities with targetname 'waitthread'. You are using a command that requires exactly one.

	if (local.spawnpoint.type_disguise != NIL && local.spawnpoint.type_disguise != "") (global/parade.scr, 790)
	if (local.spawnpoint^

^~^~^ Script Error: There are 0 entities with targetname 'waitthread'. You are using a command that requires exactly one.

	if (local.spawnpoint.type_grenade != NIL && local.spawnpoint.type_grenade != "") (global/parade.scr, 795)
	if (local.spawnpoint^

^~^~^ Script Error: There are 0 entities with targetname 'waitthread'. You are using a command that requires exactly one.

	if (local.spawnpoint.type_idle != NIL && local.spawnpoint.type_idle != "") (global/parade.scr, 800)
	if (local.spawnpoint^

^~^~^ Script Error: There are 0 entities with targetname 'waitthread'. You are using a command that requires exactly one.

	if (local.spawnpoint.waittrigger != NIL && local.spawnpoint.waittrigger != false) (global/parade.scr, 805)
	if (local.spawnpoint^

^~^~^ Script Error: There are 0 entities with targetname 'waitthread'. You are using a command that requires exactly one.

	if (local.spawnpoint.hearing != NIL && local.spawnpoint.hearing != 0) (global/parade.scr, 810)
	if (local.spawnpoint^

^~^~^ Script Error: There are 0 entities with targetname 'waitthread'. You are using a command that requires exactly one.

	if (local.spawnpoint.sight != NIL && local.spawnpoint.sight != 0) (global/parade.scr, 815)
	if (local.spawnpoint^

^~^~^ Script Error: There are 0 entities with targetname 'waitthread'. You are using a command that requires exactly one.

	if (local.spawnpoint.fov != NIL && local.spawnpoint.fov != 0) (global/parade.scr, 820)
	if (local.spawnpoint^

^~^~^ Script Error: There are 0 entities with targetname 'waitthread'. You are using a command that requires exactly one.

	if (local.spawnpoint.leash != NIL && local.spawnpoint.leash != 0) (global/parade.scr, 825)
	if (local.spawnpoint^

^~^~^ Script Error: There are 0 entities with targetname 'waitthread'. You are using a command that requires exactly one.

	if (local.spawnpoint.mindist != NIL && local.spawnpoint.mindist != 0) (global/parade.scr, 830)
	if (local.spawnpoint^

^~^~^ Script Error: There are 0 entities with targetname 'waitthread'. You are using a command that requires exactly one.

	if (local.spawnpoint.maxdist != NIL && local.spawnpoint.maxdist != 0) (global/parade.scr, 835)
	if (local.spawnpoint^

^~^~^ Script Error: There are 0 entities with targetname 'waitthread'. You are using a command that requires exactly one.

	if (local.spawnpoint.interval != NIL && local.spawnpoint.interval != 0) (global/parade.scr, 856)
	if (local.spawnpoint^

^~^~^ Script Error: There are 0 entities with targetname 'waitthread'. You are using a command that requires exactly one.

	if (local.spawnpoint.favoriteenemy != NIL && local.spawnpoint.favoriteenemy != "") (global/parade.scr, 870)
	if (local.spawnpoint^

^~^~^ Script Error: There are 0 entities with targetname 'waitthread'. You are using a command that requires exactly one.

	if (local.spawnpoint.ainoprone != NIL && local.spawnpoint.ainoprone != "")   (global/parade.scr, 881)
	if (local.spawnpoint^

^~^~^ Script Error: There are 0 entities with targetname 'waitthread'. You are using a command that requires exactly one.

	if (local.spawnpoint.ainocrouch != NIL && local.spawnpoint.ainocrouch != "") (global/parade.scr, 884)
	if (local.spawnpoint^

^~^~^ Script Error: There are 0 entities with targetname 'waitthread'. You are using a command that requires exactly one.

	if ($(local.spawnPoint.target)){ (global/parade.scr, 906)
	if ($(local.spawnPoint^

^~^~^ Script Error: There are 0 entities with targetname 'waitthread'. You are using a command that requires exactly one.

^~^~^ LD ERROR: (entnum 156, radnum 215, targetname 'Prisoner3'):    reducing mindist from 128 to 64 to match leash.
^~^~^ Leash must be greater than mindist, or the AI will want to both run away and stay put.

^~^~^ Path not found in 'Actor::MoveToPatrolCurrentNode' for (entnum 38, radnum 521, targetname 'wall_mg_attacker') from (2848.994873 -2255.451172 128.125000) to (1955.000000 -2781.000000 191.000000)
Reason: couldn't find end node
^~^~^ LD ERROR: (entnum 16, radnum 187, targetname 'Prisoner1'):    reducing mindist from 128 to 64 to match leash.
^~^~^ Leash must be greater than mindist, or the AI will want to both run away and stay put.

^~^~^ Path not found in 'Actor::MoveToPatrolCurrentNode' for (entnum 38, radnum 521, targetname 'wall_mg_attacker') from (2845.893066 -2254.973145 128.125000) to (1955.000000 -2781.000000 191.000000)
Reason: couldn't find end node
CONQUEST >>> starting conquest !!!!
^~^~^ Path not found in 'Actor::MoveToPatrolCurrentNode' for (entnum 38, radnum 521, targetname 'wall_mg_attacker') from (2846.236084 -2257.585449 128.125000) to (1955.000000 -2781.000000 191.000000)
Reason: couldn't find end node
^~^~^ LD ERROR: (entnum 139, radnum 214, targetname 'ConquestGuy'):    reducing mindist from 64 to 0 to match leash.
^~^~^ Leash must be greater than mindist, or the AI will want to both run away and stay put.

^~^~^ LD ERROR: (entnum 156, radnum 215, targetname 'ConquestGuy'):    reducing mindist from 64 to 0 to match leash.
^~^~^ Leash must be greater than mindist, or the AI will want to both run away and stay put.

^~^~^ Path not found in 'Actor::MoveToPatrolCurrentNode' for (entnum 38, radnum 521, targetname 'wall_mg_attacker') from (2848.548096 -2255.386719 128.125000) to (1955.000000 -2781.000000 191.000000)
Reason: couldn't find end node
^~^~^ LD ERROR: (entnum 16, radnum 187, targetname 'SpecialEd'):    reducing mindist from 64 to 0 to match leash.
^~^~^ Leash must be greater than mindist, or the AI will want to both run away and stay put.

^~^~^ Path not found in 'Actor::MoveToPatrolCurrentNode' for (entnum 38, radnum 521, targetname 'wall_mg_attacker') from (2847.683594 -2256.972656 128.125000) to (1955.000000 -2781.000000 191.000000)
Reason: couldn't find end node
^~^~^ Path not found in 'Actor::MoveToPatrolCurrentNode' for (entnum 38, radnum 521, targetname 'wall_mg_attacker') from (2848.218506 -2256.653320 128.125000) to (1955.000000 -2781.000000 191.000000)
Reason: couldn't find end node
^~^~^ Path not found in 'Actor::MoveToPatrolCurrentNode' for (entnum 38, radnum 521, targetname 'wall_mg_attacker') from (2845.175049 -2256.270752 128.125000) to (1955.000000 -2781.000000 191.000000)
Reason: couldn't find end node
All guys spawned
**************S_LoadSound: sound/weapons/fire/carcano_fire5.wav
^~^~^ Path not found in 'Actor::MoveToPatrolCurrentNode' for (entnum 38, radnum 521, targetname 'wall_mg_attacker') from (2847.295410 -2257.573730 128.125000) to (1955.000000 -2781.000000 191.000000)
Reason: couldn't find end node
**************S_LoadSound: sound/weapons/foley/carcano_bolt.wav
**************S_LoadSound: sound/weapons/fire/carcano_fire6.wav
^~^~^ Add the following line to the *_precache.scr map script:
cache models/projectiles/bomba_ai.tik
**************S_LoadSound: sound/weapons/foley/smokegrenade_land1.wav
^~^~^ Path not found in 'Actor::MoveToPatrolCurrentNode' for (entnum 38, radnum 521, targetname 'wall_mg_attacker') from (2848.549805 -2246.501221 128.125000) to (1955.000000 -2781.000000 191.000000)
Reason: couldn't find end node
^~^~^ Add the following line to the *_precache.scr map script:
cache models/fx/f1grenadeexplosion.tik
^~^~^ Not playing sound 'sound/weapons/foley/rifleshellhard1.wav'
^~^~^ Not playing sound 'sound/weapons/foley/rifleshellhard1.wav'
^~^~^ Not playing sound 'sound/weapons/foley/rifleshellhard1.wav'
^~^~^ Not playing sound 'sound/weapons/foley/rifleshellhard1.wav'
^~^~^ Not playing sound 'sound/weapons/foley/rifleshellhard1.wav'
^~^~^ Not playing sound 'sound/weapons/foley/rifleshellhard1.wav'
^~^~^ Not playing sound 'sound/weapons/foley/rifleshellhard1.wav'
REANIMATOR >>> aborting reanimator
^~^~^ Not playing sound 'sound/weapons/foley/rifleshellhard1.wav'
**************S_LoadSound: sound/weapons/foley/pistolshellsoft3.wav
no thread to ran thread
No active weapon in slot #: "0"
No active weapon in slot #: "0"
No active weapon in slot #: "0"
No active weapon in slot #: "0"
^~^~^ Not playing sound 'sound/characters/fs_stone_02.wav'
^~^~^ Not playing sound 'sound/characters/fs_stone_02.wav'
^~^~^ Path not found in 'Actor::MoveToPatrolCurrentNode' for (entnum 38, radnum 521, targetname 'wall_mg_attacker') from (2849.759521 -2250.517822 128.125000) to (1955.000000 -2781.000000 191.000000)
Reason: couldn't find end node
**************S_LoadSound: sound/weapons/fire/p38fire2.wav
REANIMATOR >>> Reanimator terminated
**************S_LoadSound: sound/weapons/foley/mp40reload1a.wav
^~^~^ Not playing sound 'sound/characters/fs_stone_01.wav'
			self setupperanim (local.reloadanimname + "_reload") (anim/reload.scr, 314)
			self ^

^~^~^ Script Error: unknown animation 'beretta_reload' in 'models/human/german_wehrmact_officer.tik'

^~^~^ Add the following line to the *_precache.scr map script:
cache models/projectiles/m2fgrenade_ai.tik
^~^~^ Path not found in 'Actor::MoveToPatrolCurrentNode' for (entnum 38, radnum 521, targetname 'wall_mg_attacker') from (2845.158936 -2257.103516 128.125000) to (1955.000000 -2781.000000 191.000000)
Reason: couldn't find end node
LOCALIZATION ERROR: 'was shot in the' does not have a localization entry
Chrissstrahl was shot in the
MUSIC: changing from [ aux3 | aux3 ] to [ failure | normal ]
^~^~^ Add the following line to the *_precache.scr map script:
cache models/items/dm_50_healthbox.tik
MUSIC: changing from [ failure | normal ] to [ normal | normal ]
^~^~^ Game (Event: 'setthread', Object: 'TriggerOnce') : ^~^~^ Could not find label 'coop_playerJustSpawned1' in 'maps/e1l3.scr'
Forward velocity: -10.123
Recovered 25 Health
^~^~^ Not playing sound 'sound/characters/fs_stone_05.wav'
^~^~^ Not playing sound 'sound/characters/fs_stone_05.wav'
^~^~^ Add the following line to the *_precache.scr map script:
cache models/statweapons/mg42_gun_viewmodel.tik
^~^~^ Not playing sound 'sound/weapons/foley/rifleshellhard1.wav'
^~^~^ Not playing sound 'sound/weapons/foley/rifleshellhard1.wav'
^~^~^ Not playing sound 'sound/weapons/foley/rifleshellhard1.wav'
^~^~^ Not playing sound 'sound/weapons/foley/rifleshellhard1.wav'
^~^~^ Not playing sound 'sound/weapons/foley/rifleshellhard1.wav'
^~^~^ Not playing sound 'sound/weapons/foley/rifleshellhard1.wav'
^~^~^ Not playing sound 'sound/weapons/foley/rifleshellhard1.wav'
Forward velocity: 212.087
Recovered 50 Health
Got 64 Smg Rounds
^~^~^ Add the following line to the *_precache.scr map script:
cache models/equipment/ax_ital_infhat_toss.tik
^~^~^ Add the following line to the *_precache.scr map script:
cache models/gear/german_helmet.tik
^~^~^ Not playing sound 'sound/characters/fs_stone_01.wav'
				if (self.roundsinclip <= 1) (anim/shoot.scr, 221)
				if (self.roundsinclip ^

^~^~^ Script Error: binary '<=' applied to incompatible types 'NIL' and 'int'

Got 64 Smg Rounds
^~^~^ Attack medium range default case for unarmed weapon group - fix attack.scr
^~^~^ Add the following line to the *_precache.scr map script:
cache models/equipment/ax_ital_inf2hat_toss.tik
Recovered 25 Health
No active weapon in slot #: "0"
No active weapon in slot #: "0"
No active weapon in slot #: "0"
(entnum 157, radnum 963) blocked, doing failsafe
No active weapon in slot #: "0"
No active weapon in slot #: "0"
No active weapon in slot #: "0"
(entnum 157, radnum 963) failsafe finished
No active weapon in slot #: "0"
...........................
...........................
Forward velocity: -87.724
^~^~^ Add the following line to the *_precache.scr map script:
cache models/gear/german_ssofficercap.tik
Forward velocity: 157.379
Chrissstrahl was shot in the
MUSIC: changing from [ normal | normal ] to [ failure | normal ]
-------- CL_Vid_Restart_f --------
------- Sound Begin Registration -------
------- S_StopAllSounds (stop music) -------
MUSIC: changing from [ failure | normal ] to [ none | none ]
------- S_StopAllSounds Complete-------
------- Sound Begin Registration Complete -------
RE_Shutdown( 1 )
Shutting down OpenGL subsystem
...wglMakeCurrent( NULL, NULL ): success
...deleting GL context: success
...releasing DC: success
...hiding window
...destroying window
...window successfully destroyed
...shutting down QGL
...unloading OpenGL DLL
----- Initializing Renderer ----
----- R_Init -----
Cmd_AddCommand: r_infostaticmodels already defined
Initializing OpenGL subsystem
...initializing QGL
...calling LoadLibrary( 'C:\WINDOWS\system32\opengl32.dll' ): succeeded
...setting mode -1: 1024 768 FS
...using colorsbits of 32
...calling CDS: ok
...created window@0,0 (1024x768)
Initializing OpenGL driver
...getting DC: succeeded
...GLW_ChoosePFD( 32, 32, 0 )
...219 PFDs found
...hardware acceleration found
...PIXELFORMAT 9 selected
...creating GL context: succeeded
...making context current: succeeded
Initializing OpenGL extensions
...using GL_EXT_texture_compression_s3tc
...using GL_ARB_texture_compression
...GL_EXT_texture_env_add not found
...using WGL_EXT_swap_control
...using GL_ARB_multitexture
...ignoring GL_EXT_texture_env_combine
...using GL_EXT_compiled_vertex_array
...WGL_3DFX_gamma_control not found
...using GL_DOT3_RGBA_EXT

GL_VENDOR: NVIDIA Corporation
GL_RENDERER: GeForce GTX 970/PCIe/SSE2
GL_VERSION: 4.6.0 NVIDIA 432.00
GL_EXTENSIONS: GL_ARB_depth_texture
GL_EXTENSIONS: GL_ARB_fragment_program
GL_EXTENSIONS: GL_ARB_imaging
GL_EXTENSIONS: GL_ARB_multisample
GL_EXTENSIONS: GL_ARB_multitexture
GL_EXTENSIONS: GL_ARB_point_parameters
GL_EXTENSIONS: GL_ARB_shadow
GL_EXTENSIONS: GL_ARB_texture_border_clamp
GL_EXTENSIONS: GL_ARB_texture_compression
GL_EXTENSIONS: GL_ARB_texture_cube_map
GL_EXTENSIONS: GL_ARB_texture_env_add
GL_EXTENSIONS: GL_ARB_texture_env_combine
GL_EXTENSIONS: GL_ARB_texture_env_crossbar
GL_EXTENSIONS: GL_ARB_texture_env_dot3
GL_EXTENSIONS: GL_ARB_texture_mirrored_repeat
GL_EXTENSIONS: GL_ARB_transpose_matrix
GL_EXTENSIONS: GL_ARB_vertex_buffer_object
GL_EXTENSIONS: GL_ARB_vertex_program
GL_EXTENSIONS: GL_ARB_window_pos
GL_EXTENSIONS: GL_S3_s3tc
GL_EXTENSIONS: GL_EXT_abgr
GL_EXTENSIONS: GL_EXT_bgra
GL_EXTENSIONS: GL_EXT_blend_color
GL_EXTENSIONS: GL_EXT_blend_func_separate
GL_EXTENSIONS: GL_EXT_blend_minmax
GL_EXTENSIONS: GL_EXT_blend_subtract
GL_EXTENSIONS: GL_EXT_compiled_vertex_array
GL_EXTENSIONS: GL_EXT_draw_range_elements
GL_EXTENSIONS: GL_EXT_fog_coord
GL_EXTENSIONS: GL_EXT_multi_draw_arrays
GL_EXTENSIONS: GL_EXT_packed_pixels
GL_EXTENSIONS: GL_EXT_point_parameters
GL_EXTENSIONS: GL_EXT_rescale_normal
GL_EXTENSIONS: GL_EXT_secondary_color
GL_EXTENSIONS: GL_EXT_separate_specular_color
GL_EXTENSIONS: GL_EXT_shadow_funcs
GL_EXTENSIONS: GL_EXT_stencil_two_side
GL_EXTENSIONS: GL_EXT_stencil_wrap
GL_EXTENSIONS: GL_EXT_texture3D
GL_EXTENSIONS: GL_EXT_texture_compression_s3tc
GL_EXTENSIONS: GL_EXT_texture_cube_map
GL_EXTENSIONS: GL_EXT_texture_edge_clamp
GL_EXTENSIONS: GL_EXT_texture_env_combine
GL_EXTENSIONS: GL_EXT_texture_env_dot3
GL_EXTENSIONS: GL_EXT_texture_filter_anisotropic
GL_EXTENSIONS: GL_EXT_texture_lod
GL_EXTENSIONS: GL_EXT_texture_lod_bias
GL_EXTENSIONS: GL_EXT_texture_object
GL_EXTENSIONS: GL_EXT_vertex_array
GL_EXTENSIONS: GL_IBM_rasterpos_clip
GL_EXTENSIONS: GL_IBM_texture_mirrored_repeat
GL_EXTENSIONS: GL_KTX_buffer_region
GL_EXTENSIONS: GL_NV_blend_square
GL_EXTENSIONS: GL_NV_copy_depth_to_color
GL_EXTENSIONS: GL_NV_depth_clamp
GL_EXTENSIONS: GL_NV_fence
GL_EXTENSIONS: GL_NV_float_buffer
GL_EXTENSIONS: GL_NV_fog_distance
GL_EXTENSIONS: GL_NV_fragment_program
GL_EXTENSIONS: GL_NV_half_float
GL_EXTENSIONS: GL_NV_light_max_exponent
GL_EXTENSIONS: GL_NV_multisample_filter_hint
GL_EXTENSIONS: GL_NV_occlusion_query
GL_EXTENSIONS: GL_NV_packed_depth_stencil
GL_EXTENSIONS: GL_NV_pixel_data_range
GL_EXTENSIONS: GL_NV_point_sprite
GL_EXTENSIONS: GL_NV_primitive_restart
GL_EXTENSIONS: GL_NV_register_combiners
GL_EXTENSIONS: GL_NV_register_combiners2
GL_EXTENSIONS: GL_NV_texgen_reflection
GL_EXTENSIONS: GL_NV_texture_compression_vtc
GL_EXTENSIONS: GL_NV_texture_env_combine4
GL_EXTENSIONS: GL_NV_texture_rectangle
GL_EXTENSIONS: GL_NV_texture_shader
GL_EXTENSIONS: GL_NV_texture_shader2
GL_EXTENSIONS: GL_NV_texture_shader3
GL_EXTENSIONS: GL_NV_vertex_array_range
GL_EXTENSIONS: GL_NV_vertex_array_range2
GL_EXTENSIONS: GL_NV_vertex_program
GL_EXTENSIONS: GL_NV_vertex_program1_1
GL_EXTENSIONS: GL_NV_vertex_program2
GL_EXTENSIONS: GL_SGIS_generate_mipmap
GL_EXTENSIONS: GL_SGIS_texture_lod
GL_EXTENSIONS: GL_SGIX_depth_texture
GL_EXTENSIONS: GL_SGIX_shadow
GL_EXTENSIONS: GL_WIN_swap_hint
GL_EXTENSIONS: WGL_EXT_swap_control
GL_MAX_TEXTURE_SIZE: 16384
GL_MAX_ACTIVE_TEXTURES_ARB: 4

PIXELFORMAT: color(32-bits) Z(24-bit) stencil(0-bits)
MODE: -1, 1024 x 768 fullscreen hz:60
GAMMA: hardware w/ 0 overbright bits
CPU: Intel Pentium III
rendering primitives: single glDrawElements
texturemode: GL_LINEAR_MIPMAP_LINEAR
picmip: 0
picmip_models: 0
picmip_sky: 0
texture bits: 32
multitexture: enabled
compiled vertex arrays: enabled
texenv add: disabled
compressed textures: enabled
performing W2K gamma clamp.
Initializing Shaders
Setting up Shaders
----- finished R_Init -----
------- profiling DrawBackground methods -------
glDrawPixels w/ BGR: 9567 clocks
glDrawPixels w/ RGB: 6631 clocks
glTexSubImage2D w/ BGR: 1338483 clocks
glTexSubImage2D w/ RGB: 1160542 clocks
DrawBackground: using glDrawPixels with RGB data
-------------------------------
Setting up Shaders
------- Sound Begin Registration -------
------- S_StopAllSounds (stop music) -------
------- S_StopAllSounds Complete-------
------- Sound Begin Registration Complete -------
LoadLibrary (maintt/cgamex86.dll)

------------------
Event system initialized: 7 classes 144 events 4032 total memory in response list

CM_LoadMap( maps/e1l3.bsp, 1 )


-----------PARSING 'coop_morocco_ubersound.scr'------------
Any SetCurrentTiki errors means that tiki wasn't prefetched and tiki-specific sounds for it won't work. To fix prefetch the tiki. Ignore if you don't use that tiki on this level.
CG_Command_ProcessFile: ubersound/coop_morocco_ubersound.scr
Parse/Load time: 0.001000 seconds.
-------------PARSING 'coop_morocco_ubersound.scr' DONE---------------



-----------PARSING 'uberdialog.scr'------------
Any SetCurrentTiki errors means that tiki wasn't prefetched and tiki-specific sounds for it won't work. To fix prefetch the tiki. Ignore if you don't use that tiki on this level.
CG_Command_ProcessFile: ubersound/uberdialog.scr
UI_DrawConnect called
Parse/Load time: 0.374000 seconds.
-------------PARSING 'uberdialog.scr' DONE---------------



-----------PARSING 'ubersound.scr'------------
Any SetCurrentTiki errors means that tiki wasn't prefetched and tiki-specific sounds for it won't work. To fix prefetch the tiki. Ignore if you don't use that tiki on this level.
CG_Command_ProcessFile: ubersound/ubersound.scr
Parse/Load time: 0.039000 seconds.
-------------PARSING 'ubersound.scr' DONE---------------

stitched 104 LoD cracks
...loaded 19542 faces, 1002 meshes, 0 trisurfs, 0 flares
Cmd_AddCommand: ter_restart already defined
Using ter_maxtris = 24576
Terrain: 1.88 MB tris, 1.31 MB verts, 0.06 MB in 85 patches, 3.25 MB total
----------- Loading DCL file maps/e1l3.dcl ---------
------ Finished loading DCL file maps/e1l3.dcl -----
SOUNDTRACK: Loading music/e1l3.mus
MUSIC: changing from [ none | none ] to [ normal | normal ]
WARNING: shader 'Candleholder' has opaque maps defined after stage 0!!!
WARNING: shader 'Candleholder' has depthmask enabled after stage 0!!!
^~^~^ Can't find supashermantred_2.tga
Couldn't find image for shader supashermantred_2
^~^~^ Can't find chassis.tga
Couldn't find image for shader chassis
Loading Special Effects...
^~^~^ Can't find textures/sprites/dirt_mortarHit.tga
WARNING: R_FindImageFile could not find 'textures/sprites/dirt_mortarHit.tga' in shader 'mortar_dirthit'
------- Sound End Registration -------
------- Sound End Registration Complete -------
CL_EndRegistration:  0.00 seconds
CL_InitCGame:  1.91 seconds
**************S_LoadSound: sound/weapons/foley/pistolshellmed1.wav
**************S_LoadSound: sound/weapons/foley/pistolshellsoft1.wav
**************S_LoadSound: sound/weapons/foley/pistolshellsoft2.wav
**************S_LoadSound: sound/weapons/fire/mp40fire1.wav
----- finished CL_Vid_Restart_f ----
MUSIC: changing from [ normal | normal ] to [ failure | normal ]
**************S_LoadSound: sound/weapons/fire/mp40fire2.wav
WARNING: could not find begin for section '0' in lensflares
writing to: D:\GAMES\Medal of Honor\Medal of Honor - Allied Assault War Chest - Coop\maintt\configs\unnamedsoldier.cfg
MUSIC: changing from [ failure | normal ] to [ normal | normal ]
**************S_LoadSound: sound/weapons/foley/pistolshellmed2.wav
^~^~^ Game (Event: 'setthread', Object: 'TriggerOnce') : ^~^~^ Could not find label 'coop_playerJustSpawned1' in 'maps/e1l3.scr'
**************S_LoadSound: sound/weapons/foley/pistolshellsoft3.wav
Forward velocity: 11.653
Got 64 Smg Rounds
**************S_LoadSound: sound/weapons/foley/mp40reloadnpc1.wav
...........................
...........................
reanimator.scr -> Spawning guy at script_origin : (2846.000000, -2255.000000, 175.000000)
REANIMATOR >>> Cloning wall_mg_attacker
REANIMATOR >>> dude mg = wall_mg42
^~^~^ Path not found in 'Actor::MoveToPatrolCurrentNode' for (entnum 156, radnum 521, targetname 'wall_mg_attacker') from (2846.000000 -2255.000000 175.000000) to (1955.000000 -2781.000000 191.000000)
Reason: couldn't find end node
REANIMATOR >>> Spawned guy wall_mg_attacker has a machine gun, enabling ....
**************S_LoadSound: sound/weapons/foley/grenade_pull.wav
**************S_LoadSound: sound/weapons/fire/carcano_fire6.wav
**************S_LoadSound: sound/weapons/foley/carcano_bolt.wav
**************S_LoadSound: sound/weapons/foley/rifleshellhard1.wav
^~^~^ Path not found in 'Actor::MoveToPatrolCurrentNode' for (entnum 156, radnum 521, targetname 'wall_mg_attacker') from (2848.994873 -2255.451172 128.125000) to (1955.000000 -2781.000000 191.000000)
Reason: couldn't find end node
**************S_LoadSound: sound/weapons/fire/mauser98fire1.wav
^~^~^ Attack medium range default case for unarmed weapon group - fix attack.scr
^~^~^ Path not found in 'Actor::MoveToPatrolCurrentNode' for (entnum 156, radnum 521, targetname 'wall_mg_attacker') from (2845.893066 -2254.973145 128.125000) to (1955.000000 -2781.000000 191.000000)
Reason: couldn't find end node
...........................
^~^~^ Path not found in 'Actor::MoveToPatrolCurrentNode' for (entnum 156, radnum 521, targetname 'wall_mg_attacker') from (2846.236084 -2257.585449 128.125000) to (1955.000000 -2781.000000 191.000000)
Reason: couldn't find end node
**************S_LoadSound: sound/weapons/foley/mp40reload1a.wav
^~^~^ Path not found in 'Actor::MoveToPatrolCurrentNode' for (entnum 156, radnum 521, targetname 'wall_mg_attacker') from (2848.548096 -2255.386719 128.125000) to (1955.000000 -2781.000000 191.000000)
Reason: couldn't find end node
Forward velocity: -76.231
...........................
...........................
...........................
...........................
...........................
...........................
^~^~^ Not playing sound 'sound/characters/body_mvmtgear_01.wav'
^~^~^ Not playing sound 'sound/characters/fs_stone_04.wav'
reanimator.scr -> Spawning guy at script_origin : (2846.000000, -2255.000000, 175.000000)
REANIMATOR >>> Cloning wall_mg_attacker
REANIMATOR >>> dude mg = wall_mg42
^~^~^ Path not found in 'Actor::MoveToPatrolCurrentNode' for (entnum 36, radnum 521, targetname 'wall_mg_attacker') from (2846.000000 -2255.000000 175.000000) to (1955.000000 -2781.000000 191.000000)
Reason: couldn't find end node
REANIMATOR >>> Spawned guy wall_mg_attacker has a machine gun, enabling ....
...........................
...........................
^~^~^ Path not found in 'Actor::MoveToPatrolCurrentNode' for (entnum 36, radnum 521, targetname 'wall_mg_attacker') from (2848.994873 -2255.451172 128.125000) to (1955.000000 -2781.000000 191.000000)
Reason: couldn't find end node
^~^~^ Path not found in 'Actor::MoveToPatrolCurrentNode' for (entnum 36, radnum 521, targetname 'wall_mg_attacker') from (2845.893066 -2254.973145 128.125000) to (1955.000000 -2781.000000 191.000000)
Reason: couldn't find end node
**************S_LoadSound: sound/weapons/fire/carcano_fire5.wav
^~^~^ Path not found in 'Actor::MoveToPatrolCurrentNode' for (entnum 36, radnum 521, targetname 'wall_mg_attacker') from (2846.236084 -2257.585449 128.125000) to (1955.000000 -2781.000000 191.000000)
Reason: couldn't find end node
Chrissstrahl was shot in the
MUSIC: changing from [ normal | normal ] to [ failure | normal ]
^~^~^ Path not found in 'Actor::MoveToPatrolCurrentNode' for (entnum 36, radnum 521, targetname 'wall_mg_attacker') from (2848.548096 -2255.386719 128.125000) to (1955.000000 -2781.000000 191.000000)
Reason: couldn't find end node
MUSIC: changing from [ failure | normal ] to [ normal | normal ]
^~^~^ Game (Event: 'setthread', Object: 'TriggerOnce') : ^~^~^ Could not find label 'coop_playerJustSpawned1' in 'maps/e1l3.scr'
^~^~^ Path not found in 'Actor::MoveToPatrolCurrentNode' for (entnum 36, radnum 521, targetname 'wall_mg_attacker') from (2847.683594 -2256.972656 128.125000) to (1955.000000 -2781.000000 191.000000)
Reason: couldn't find end node
reanimator.scr -> Spawning guy at script_origin : (2846.000000, -2255.000000, 175.000000)
REANIMATOR >>> Cloning wall_mg_attacker
REANIMATOR >>> dude mg = wall_mg42
^~^~^ Path not found in 'Actor::MoveToPatrolCurrentNode' for (entnum 9, radnum 521, targetname 'wall_mg_attacker') from (2846.000000 -2255.000000 175.000000) to (1955.000000 -2781.000000 191.000000)
Reason: couldn't find end node
REANIMATOR >>> Spawned guy wall_mg_attacker has a machine gun, enabling ....
**************S_LoadSound: sound/weapons/foley/carcano_reload.wav
^~^~^ Path not found in 'Actor::MoveToPatrolCurrentNode' for (entnum 9, radnum 521, targetname 'wall_mg_attacker') from (2848.994873 -2255.451172 128.125000) to (1955.000000 -2781.000000 191.000000)
Reason: couldn't find end node
Recovered 25 Health
^~^~^ BAD FAILSAFE: 75.80 -1467.94 176.13, 'SpecialEd'
(entnum 16, radnum 187) blocked, doing failsafe
(entnum 16, radnum 187) failsafe finished
^~^~^ Path not found in 'Actor::MoveToPatrolCurrentNode' for (entnum 9, radnum 521, targetname 'wall_mg_attacker') from (2845.893066 -2254.973145 128.125000) to (1955.000000 -2781.000000 191.000000)
Reason: couldn't find end node
trucktype:
opel
^~^~^ LD ERROR: (entnum 48, radnum -1, targetname 'CourtyardTruckGuys'):    reducing mindist from 128 to 0 to match leash.
^~^~^ Leash must be greater than mindist, or the AI will want to both run away and stay put.

^~^~^ LD ERROR: (entnum 84, radnum -1, targetname 'CourtyardTruckGuys'):    reducing mindist from 128 to 0 to match leash.
^~^~^ Leash must be greater than mindist, or the AI will want to both run away and stay put.

^~^~^ LD ERROR: (entnum 96, radnum -1, targetname 'CourtyardTruckGuys'):    reducing mindist from 128 to 0 to match leash.
^~^~^ Leash must be greater than mindist, or the AI will want to both run away and stay put.

^~^~^ LD ERROR: (entnum 142, radnum -1, targetname 'CourtyardTruckGuys'):    reducing mindist from 128 to 0 to match leash.
^~^~^ Leash must be greater than mindist, or the AI will want to both run away and stay put.

**************S_LoadSound: sound/mechanics/doorjeepclose_02.wav
**************S_LoadSound: sound/vehicle/veh_truck_idle.wav
**************S_LoadSound: sound/vehicle/veh_truck_revup.wav
**************S_LoadSound: sound/vehicle/veh_truck_move.wav
^~^~^ Path not found in 'Actor::MoveToPatrolCurrentNode' for (entnum 9, radnum 521, targetname 'wall_mg_attacker') from (2847.773926 -2247.904785 128.125000) to (1955.000000 -2781.000000 191.000000)
Reason: couldn't find end node
Objective transition = tookFort
An objective has been added!
execing ui/coop_objectives/obj_4active
execing ui/coop_objectives/obj_3complete
	self waitthread global/SafeMoveTo.scr::SafeRunTo $Courtyard2RallyPt[1] (maps/e1l3/conquest.scr, 437)
	self ^

^~^~^ Script Error: command 'waitthread' applied to NULL listener

spawned with enemyname: OutsideGateSpawners
spawned with enemyname: OutsideGateSpawners
spawned with enemyname: OutsideGateSpawners
spawned with enemyname: OutsideGateSpawners
spawned with enemyname: OutsideGateSpawners
spawned with enemyname: OutsideGateSpawners
	$ConquestGuy thread DoNothing (maps/e1l3/conquest.scr, 294)
	$ConquestGuy ^

^~^~^ Script Error: command 'thread' applied to NULL listener

	self solid (coop_mod/replace.scr, 1708)
	self ^

^~^~^ Script Error: command 'solid' applied to NULL listener

**************S_LoadSound: sound/mechanics/damage_vehicle_1.wav
**************S_LoadSound: sound/mechanics/damage_vehicle_2.wav
**************S_LoadSound: sound/mechanics/damage_vehicle_4.wav
**************S_LoadSound: sound/mechanics/damage_vehicle_3.wav
^~^~^ Path not found in 'Actor::RunAndShoot_MoveToPatrolCurrentNode' for (entnum 210, radnum 1517, targetname 'OutsideGateSpawners') from (1727.229858 -970.884155 128.125000) to (1047.000000 -1219.000000 128.125000)
Reason: couldn't find end node
reanimator.scr -> Spawning guy at script_origin : (2846.000000, -2255.000000, 175.000000)
REANIMATOR >>> Cloning NULL
		local.ent thread WaitForDeath local.trigger (global/reanimator.scr, 339)
		local.ent ^

^~^~^ Script Error: command 'thread' applied to NULL listener

^~^~^ Path not found in 'Actor::RunAndShoot_MoveToPatrolCurrentNode' for (entnum 225, radnum 1515, targetname 'OutsideGateSpawners') from (1432.457886 -1159.321655 128.125000) to (928.000000 -1104.000000 128.125000)
Reason: couldn't find end node
**************S_LoadSound: sound/vehicle/veh_truck_off.wav
**************S_LoadSound: sound/mechanics/doorjeepopen_01.wav
**************S_LoadSound: sound/vehicle/veh_truck_revdown.wav
**************S_LoadSound: sound/weapons/fire/p38fire2.wav
Forward velocity: -66.087
reanimator.scr -> Spawning guy at script_origin : (1451.000000, -2060.000000, 175.000000)
REANIMATOR >>> Cloning reanimated_attacker
REANIMATOR >>> dude mg = NIL
^~^~^ Event 'opeltruck_snd_dooropen' does not exist.
^~^~^ Failed execution of event for class 'ClientGameCommandManager'
^~^~^ Not playing sound 'sound/characters/fs_stone_05.wav'
^~^~^ Event 'opeltruck_snd_doorclose' does not exist.
^~^~^ Failed execution of event for class 'ClientGameCommandManager'
Recovered 25 Health
Forward velocity: -56.523
e1l3_waitforedtobedead removed 0 script_origins
No active weapon in slot #: "0"
No active weapon in slot #: "0"
No active weapon in slot #: "0"
	self.target waitthread AbortParade (global/parade.scr, 196)
	self.target ^

^~^~^ Script Error: There are 0 entities with targetname 't98034'. You are using a command that requires exactly one.

	self.target waitthread AbortParade (global/parade.scr, 196)
	self.target ^

^~^~^ Script Error: There are 0 entities with targetname 't98034'. You are using a command that requires exactly one.

REANIMATOR >>> aborting reanimator
music set to aux1 with fallback aux1
forced music ext1
MUSIC: changing from [ normal | normal ] to [ aux1 | aux1 ]
Got 64 Smg Rounds
Recovered 25 Health
	self.target waitthread AbortParade (global/parade.scr, 196)
	self.target ^

^~^~^ Script Error: There are 0 entities with targetname 't98034'. You are using a command that requires exactly one.

music set to aux5 with fallback aux5
forced music ext3
MUSIC: changing from [ aux1 | aux1 ] to [ aux5 | aux5 ]
music set to aux1 with fallback aux1
forced music ext1
MUSIC: changing from [ aux5 | aux5 ] to [ aux1 | aux1 ]
music set to aux5 with fallback aux5
forced music ext3
MUSIC: changing from [ aux1 | aux1 ] to [ aux5 | aux5 ]
Got 64 Smg Rounds
	self.target waitthread AbortParade (global/parade.scr, 196)
	self.target ^

^~^~^ Script Error: There are 0 entities with targetname 't98034'. You are using a command that requires exactly one.

	self.target waitthread AbortParade (global/parade.scr, 196)
	self.target ^

^~^~^ Script Error: There are 0 entities with targetname 't98034'. You are using a command that requires exactly one.

music set to aux1 with fallback aux1
forced music ext1
MUSIC: changing from [ aux5 | aux5 ] to [ aux1 | aux1 ]
			self setactionanim (self.weapongroup + "_aim") -60 60 (anim/aim.scr, 172)
			self ^

^~^~^ Script Error: unknown animation 'unarmed_aim' in 'models/human/german_afrika_private.tik'

^~^~^ Attack medium range default case for unarmed weapon group - fix attack.scr
REANIMATOR >>> Reanimator terminated
	trigger local.trig2 (maps/e1l3/conquest.scr, 457)
	^

^~^~^ Script Error: cannot cast NIL to an array

music set to aux5 with fallback aux5
forced music ext3
MUSIC: changing from [ aux1 | aux1 ] to [ aux5 | aux5 ]
	$SpecialEd targetname "ConquestGuy" (maps/e1l3/conquest.scr, 315)
	$SpecialEd ^

^~^~^ Script Error: command 'targetname' applied to NULL listener

AICLEANUP >>> Cleaning up ConquestGuy
	if (local.trigger.target){ (maps/e1l3/aicleanup.scr, 74)
	if (local.trigger^

^~^~^ Script Error: Field 'target' applied to NULL listener

AICLEANUP >>> could not find ConquestGuy guys
truck health: 10000.000
truck health: 10000.000
(entnum 8, radnum 508) blocked, doing failsafe
**************S_LoadSound: sound/vehicle/veh_tank_move_lp4.wav
(entnum 8, radnum 508) failsafe finished
You are not allowed to move right now
REANIMATOR >>> Reanimator terminated
You are not allowed to move right now
You are not allowed to move right now
You are not allowed to move right now
Coop Mission Progress has been saved!
Objective transition = metKlaus
An objective has been completed!
execing ui/coop_objectives/obj_4complete
execing ui/coop_objectives/obj_5active
truck health: 10000.000
You are not allowed to move right now
truck health: 10000.000
truck health: 10000.000
		self.collisionent = self.target (maps/e1l3/truckthink.scr, 48)
		self^

^~^~^ Script Error: There are 0 entities with targetname 't98056'. You are using a command that requires exactly one.

	local.guy.enableEnemy = 0 (maps/e1l3/truckthink.scr, 120)
	local.guy^

^~^~^ Script Error: Cannot cast 'NIL' to listener

	local.guy nodamage (maps/e1l3/truckthink.scr, 121)
	local.guy ^

^~^~^ Script Error: command 'nodamage' applied to NIL

	local.guy.accuracy = local.accuracy (maps/e1l3/truckthink.scr, 132)
	local.guy^

^~^~^ Script Error: Cannot cast 'NIL' to float

	local.guy.enableEnemy = 0 (maps/e1l3/truckthink.scr, 120)
	local.guy^

^~^~^ Script Error: Cannot cast 'NIL' to listener

	local.guy nodamage (maps/e1l3/truckthink.scr, 121)
	local.guy ^

^~^~^ Script Error: command 'nodamage' applied to NIL

	local.guy.accuracy = local.accuracy (maps/e1l3/truckthink.scr, 132)
	local.guy^

^~^~^ Script Error: Cannot cast 'NIL' to float

^~^~^ LD ERROR: (entnum 156, radnum -1, targetname ''):    reducing mindist from 128 to 0 to match leash.
^~^~^ Leash must be greater than mindist, or the AI will want to both run away and stay put.

^~^~^ LD ERROR: (entnum 159, radnum -1, targetname ''):    reducing mindist from 128 to 0 to match leash.
^~^~^ Leash must be greater than mindist, or the AI will want to both run away and stay put.

execing ui/coop_objectives/obj_add.cfg
writing to: D:\GAMES\Medal of Honor\Medal of Honor - Allied Assault War Chest - Coop\maintt\configs\unnamedsoldier.cfg
execing ui/coop_objectives/obj_rem.cfg
writing to: D:\GAMES\Medal of Honor\Medal of Honor - Allied Assault War Chest - Coop\maintt\configs\unnamedsoldier.cfg
You are not allowed to move right now
You are not allowed to move right now
	$leader_tank.stop_firing = 1 (maps/e1l3/briefing.scr, 504)
	$leader_tank^

^~^~^ Script Error: Field 'stop_firing' applied to NULL listener

	$cappy remove (maps/e1l3/briefing.scr, 507)
	$cappy ^

^~^~^ Script Error: command 'remove' applied to NULL listener

	$player_tank remove (maps/e1l3/briefing.scr, 509)
	$player_tank ^

^~^~^ Script Error: command 'remove' applied to NULL listener

	$leader_tank remove (maps/e1l3/briefing.scr, 510)
	$leader_tank ^

^~^~^ Script Error: command 'remove' applied to NULL listener

	$follow_tank remove (maps/e1l3/briefing.scr, 511)
	$follow_tank ^

^~^~^ Script Error: command 'remove' applied to NULL listener

	$boat_guy thread Die (maps/e1l3/briefing.scr, 514)
	$boat_guy ^

^~^~^ Script Error: command 'thread' applied to NULL listener

	$buddy1 remove (maps/e1l3/briefing.scr, 515)
	$buddy1 ^

^~^~^ Script Error: command 'remove' applied to NULL listener

	$buddy2 remove (maps/e1l3/briefing.scr, 516)
	$buddy2 ^

^~^~^ Script Error: command 'remove' applied to NULL listener

	$ambientBattleGuy thread Die (maps/e1l3/briefing.scr, 517)
	$ambientBattleGuy ^

^~^~^ Script Error: command 'thread' applied to NULL listener

	self remove (maps/e1l3/conquest.scr, 1201)
	self ^

^~^~^ Script Error: command 'remove' applied to NULL listener

	self remove (maps/e1l3/conquest.scr, 1201)
	self ^

^~^~^ Script Error: command 'remove' applied to NULL listener

You are not allowed to move right now
You are not allowed to move right now
You are not allowed to move right now
You are not allowed to move right now
You are not allowed to move right now
You are not allowed to move right now
	self.truck waitthread truckStop (maps/e1l3/truckthink.scr, 208)
	self.truck ^

^~^~^ Script Error: command 'waitthread' applied to NULL listener

	self.truck waitthread truckStop (maps/e1l3/truckthink.scr, 208)
	self.truck ^

^~^~^ Script Error: command 'waitthread' applied to NULL listener

^~^~^ Add the following line to the *_precache.scr map script:
cache models/miscobj/crate_carry.tik
	waitthread maps/e1l3.scr::Autosave4 (maps/e1l3/roofjaunt.scr, 141)
	^

^~^~^ Script Error: ScriptMaster::CreateScriptThread: label 'Autosave4' does not exist in 'maps/e1l3.scr'.

^~^~^ Add the following line to the *_precache.scr map script:
cache models/items/cigarette.tik
^~^~^ Add the following line to the *_precache.scr map script:
cache models/emitters/breath_emitter.tik
^~^~^ Can't find poopy.tga
Couldn't find image for shader poopy
^~^~^ Add the following line to the *_precache.scr map script:
cache models/gear/german_pobershutzcap.tik
Forward velocity: -11.590
Forward velocity: -2.205
		self.flyModel modifyflypath self.flymodelSpeed self.flymodelSpeed 100 (maps/e1l3/courtyard.scr, 63)
		self.flyModel ^

^~^~^ Script Error: Cannot cast 'NIL' to float

		self.flyModel modifyflypath self.flymodelSpeed self.flymodelSpeed 100 (maps/e1l3/courtyard.scr, 63)
		self.flyModel ^

^~^~^ Script Error: Cannot cast 'NIL' to float

		self.flyModel modifyflypath self.flymodelSpeed self.flymodelSpeed 100 (maps/e1l3/courtyard.scr, 63)
		self.flyModel ^

^~^~^ Script Error: Cannot cast 'NIL' to float

music set to aux2 with fallback aux2
forced music int1
MUSIC: changing from [ aux5 | aux5 ] to [ aux2 | aux2 ]
		self.flyModel modifyflypath self.flymodelSpeed self.flymodelSpeed 100 (maps/e1l3/courtyard.scr, 63)
		self.flyModel ^

^~^~^ Script Error: Cannot cast 'NIL' to float

		self.flyModel modifyflypath self.flymodelSpeed self.flymodelSpeed 100 (maps/e1l3/courtyard.scr, 63)
		self.flyModel ^

^~^~^ Script Error: Cannot cast 'NIL' to float

		self.flyModel modifyflypath self.flymodelSpeed self.flymodelSpeed 100 (maps/e1l3/courtyard.scr, 63)
		self.flyModel ^

^~^~^ Script Error: Cannot cast 'NIL' to float

music set to aux5 with fallback aux5
forced music ext3
MUSIC: changing from [ aux2 | aux2 ] to [ aux5 | aux5 ]
^~^~^ Path not found in 'Actor::MoveToPatrolCurrentNode' for (entnum 224, radnum 821, targetname 'RoofChaser1') from (-137.126541 2600.029053 332.125000) to (-777.000000 2402.000000 591.720215)
Reason: unreachable path
^~^~^ Path not found in 'Actor::MoveToPatrolCurrentNode' for (entnum 236, radnum 822, targetname 'RoofChaser2') from (-140.885895 2552.353516 368.125000) to (-287.512329 2507.868652 512.125000)
Reason: couldn't find end node
^~^~^ BAD FAILSAFE: -287.56 2510.98 512.13, 'RoofChaser2'
(entnum 236, radnum 822) blocked, doing failsafe
(entnum 236, radnum 822) failsafe finished
			if(local.origin_z <= 300){ //500 lowest roof (maps/e1l3/roofjaunt.scr, 687)
			if(local.origin_z ^

^~^~^ Script Error: binary '<=' applied to incompatible types 'NIL' and 'int'

^~^~^ Path not found in 'Actor::MoveToPatrolCurrentNode' for (entnum 236, radnum 822, targetname 'RoofChaser2') from (-664.012756 2590.766846 512.125000) to (-870.206360 2400.051514 608.125000)
Reason: unreachable path
Objective transition = klausStartedPickingLock
	self runto $Roof1InnerPoint (maps/e1l3/roofjaunt.scr, 1003)
	self ^

^~^~^ Script Error: command 'runto' applied to NULL listener

	while (self.on_roof != 3) (maps/e1l3/roofjaunt.scr, 451)
	while (self^

^~^~^ Script Error: self is NULL

		self exec global/enable_ai.scr (maps/e1l3/roofjaunt.scr, 453)
		self ^

^~^~^ Script Error: command 'exec' applied to NULL listener

Forward velocity: 179.228
Chrissstrahl was shot in the
MUSIC: changing from [ aux5 | aux5 ] to [ failure | normal ]
MUSIC: changing from [ failure | normal ] to [ normal | normal ]
^~^~^ Game (Event: 'setthread', Object: 'TriggerOnce') : ^~^~^ Could not find label 'coop_playerJustSpawned1' in 'maps/e1l3.scr'
Got 64 Smg Rounds
LOCALIZATION ERROR: 'died' does not have a localization entry
Chrissstrahl died
MUSIC: changing from [ normal | normal ] to [ failure | normal ]
MUSIC: changing from [ failure | normal ] to [ normal | normal ]
^~^~^ Game (Event: 'setthread', Object: 'TriggerOnce') : ^~^~^ Could not find label 'coop_playerJustSpawned1' in 'maps/e1l3.scr'
----- Server Shutdown -----
==== ShutdownGame ====
---------------------------
------- S_StopAllSounds (stop music) -------
MUSIC: changing from [ normal | normal ] to [ none | none ]
------- S_StopAllSounds Complete-------
------- S_StopAllSounds (stop music) -------
------- S_StopAllSounds Complete-------
----- CL_Shutdown -----
------- S_StopAllSounds (stop music) -------
------- S_StopAllSounds Complete-------
------- S_StopAllSounds (stop music) -------
------- S_StopAllSounds Complete-------
------- Sound Shutdown (full) -------
------- S_MILES_StopAllSounds -------
------- S_MILES_StopMP3 -------
------- Q_AIL_shutdown -------
------- S_MILES_FreeDLL -------
------- S_MILES_FreeDLL Finished! -------
------- Sound Shutdown Complete -------
RE_Shutdown( 1 )
Shutting down OpenGL subsystem
...wglMakeCurrent( NULL, NULL ): success
...deleting GL context: success
...releasing DC: success
...hiding window
...destroying window
...window successfully destroyed
...resetting display
...shutting down QGL
...unloading OpenGL DLL
-----------------------
writing to: D:\GAMES\Medal of Honor\Medal of Honor - Allied Assault War Chest - Coop\maintt\global\missing_localization.txt
